2024-05-30 08:36:52,994 - INFO - Discrepancia en carpeta 001410500UN59E: Falta archivo PNG: C:/Trabajo/catastro/modelo6/origen/ficheros/multimedia\001410500UN59E\001410500UN59E.png
2024-05-30 08:36:52,994 - INFO - Discrepancia en carpeta 001410500UN59E: Falta archivo JPG: C:/Trabajo/catastro/modelo6/origen/ficheros/multimedia\001410500UN59E\001410500UN59E.jpg
2024-05-30 08:36:58,165 - INFO - Discrepancia en carpeta 001509400UN49H: Falta archivo Excel: C:/Trabajo/catastro/modelo6/origen/ficheros/multimedia\001509400UN49H\001509400UN49H.xlsx
2024-06-01 19:11:19,258 - WARNING - Archivos faltantes para REFCAT 33008A00100015
2024-06-01 19:11:19,260 - WARNING - Archivos faltantes para REFCAT 0378005UN5907N
2024-06-01 19:11:19,260 - WARNING - Archivos faltantes para REFCAT 33008A03300536
2024-06-01 19:11:19,260 - WARNING - Archivos faltantes para REFCAT 001917000UN58H
2024-06-01 19:11:19,260 - WARNING - Archivos faltantes para REFCAT 33008G00400315
2024-06-01 19:11:19,260 - WARNING - Archivos faltantes para REFCAT 33008F00100052
2024-06-01 19:11:19,260 - WARNING - Archivos faltantes para REFCAT 33008A02001399
2024-06-01 19:11:19,260 - WARNING - Archivos faltantes para REFCAT 001920400UN58H
2024-06-01 19:11:19,260 - WARNING - Archivos faltantes para REFCAT 33008E00600254
2024-06-01 19:11:19,260 - WARNING - Archivos faltantes para REFCAT 33008A00900032
2024-06-01 19:11:19,260 - WARNING - Archivos faltantes para REFCAT 001314300UN59E
2024-06-01 19:11:19,260 - WARNING - Archivos faltantes para REFCAT 001201100UN58G
2024-06-01 19:11:19,260 - WARNING - Archivos faltantes para REFCAT 000816800UN59E
2024-06-01 19:11:19,260 - WARNING - Archivos faltantes para REFCAT 001329400UN59E
2024-06-01 19:11:19,260 - WARNING - Archivos faltantes para REFCAT 000413200UN49F
2024-06-01 19:11:19,260 - WARNING - Archivos faltantes para REFCAT 000708500UN59E
2024-06-01 19:11:19,260 - WARNING - Archivos faltantes para REFCAT 001342200UN59E
2024-06-01 19:11:19,261 - WARNING - Archivos faltantes para REFCAT 001409000UN59E
2024-06-01 19:11:19,261 - WARNING - Archivos faltantes para REFCAT 33008F00500285
2024-06-01 19:11:19,261 - WARNING - Archivos faltantes para REFCAT 000802600UN59E
2024-06-01 19:11:19,261 - WARNING - Archivos faltantes para REFCAT 33008B00600497
2024-06-01 19:11:19,261 - WARNING - Archivos faltantes para REFCAT 000817700UN59E
2024-06-01 19:11:19,261 - WARNING - Archivos faltantes para REFCAT 001501800UN59G
2024-06-01 19:11:19,261 - WARNING - Archivos faltantes para REFCAT 001509400UN49H
2024-06-01 19:11:19,261 - WARNING - Archivos faltantes para REFCAT 001601500UN59G
2024-06-01 19:11:19,261 - WARNING - Archivos faltantes para REFCAT 33008B00400359
2024-06-01 19:11:19,261 - WARNING - Archivos faltantes para REFCAT 001327300UN59E
2024-06-01 19:11:19,261 - WARNING - Archivos faltantes para REFCAT 33008B00400427
2024-06-01 19:11:19,261 - WARNING - Archivos faltantes para REFCAT 33008A03700212
2024-06-01 19:11:19,261 - WARNING - Archivos faltantes para REFCAT 33008A00100045
2024-06-01 19:11:19,261 - WARNING - Archivos faltantes para REFCAT 001410500UN59E
2024-06-01 19:11:19,261 - WARNING - Archivos faltantes para REFCAT 33008A03811070
2024-06-01 19:14:06,165 - WARNING - Archivos faltantes para REFCAT 33008A00100015
2024-06-01 19:14:06,166 - WARNING - Archivos faltantes para REFCAT 0378005UN5907N
2024-06-01 19:24:06,575 - WARNING - Archivos faltantes para REFCAT 33008A00100015
2024-06-01 19:24:06,575 - WARNING - Archivos faltantes para REFCAT 0378005UN5907N
2024-06-01 19:24:07,378 - INFO - Archivo procesado y guardado en: C:/Trabajo/catastro/modelo6/origen/ficheros/multimedia\33008A03300536\33008A03300536.xlsx
2024-06-01 19:24:08,158 - INFO - Archivo procesado y guardado en: C:/Trabajo/catastro/modelo6/origen/ficheros/multimedia\001917000UN58H\001917000UN58H.xlsx
2024-06-01 19:24:08,159 - WARNING - Archivos faltantes para REFCAT 33008G00400315
2024-06-01 19:24:08,159 - WARNING - Archivos faltantes para REFCAT 33008F00100052
2024-06-01 19:24:08,159 - WARNING - Archivos faltantes para REFCAT 33008A02001399
2024-06-01 19:24:08,159 - WARNING - Archivos faltantes para REFCAT 001920400UN58H
2024-06-01 19:24:08,159 - WARNING - Archivos faltantes para REFCAT 33008E00600254
2024-06-01 19:24:08,159 - WARNING - Archivos faltantes para REFCAT 33008A00900032
2024-06-01 19:24:08,159 - WARNING - Archivos faltantes para REFCAT 001314300UN59E
2024-06-01 19:24:08,159 - WARNING - Archivos faltantes para REFCAT 001201100UN58G
2024-06-01 19:24:08,159 - WARNING - Archivos faltantes para REFCAT 000816800UN59E
2024-06-01 19:24:08,159 - WARNING - Archivos faltantes para REFCAT 001329400UN59E
2024-06-01 19:24:08,159 - WARNING - Archivos faltantes para REFCAT 000413200UN49F
2024-06-01 19:24:08,159 - WARNING - Archivos faltantes para REFCAT 000708500UN59E
2024-06-01 19:24:08,160 - WARNING - Archivos faltantes para REFCAT 001342200UN59E
2024-06-01 19:24:08,160 - WARNING - Archivos faltantes para REFCAT 001409000UN59E
2024-06-01 19:24:08,160 - WARNING - Archivos faltantes para REFCAT 33008F00500285
2024-06-01 19:24:08,160 - WARNING - Archivos faltantes para REFCAT 000802600UN59E
2024-06-01 19:24:08,160 - WARNING - Archivos faltantes para REFCAT 33008B00600497
2024-06-01 19:24:08,160 - WARNING - Archivos faltantes para REFCAT 000817700UN59E
2024-06-01 19:24:08,160 - WARNING - Archivos faltantes para REFCAT 001501800UN59G
2024-06-01 19:24:08,902 - INFO - Archivo procesado y guardado en: C:/Trabajo/catastro/modelo6/origen/ficheros/multimedia\001509400UN49H\001509400UN49H.xlsx
2024-06-01 19:24:08,903 - WARNING - Archivos faltantes para REFCAT 001601500UN59G
2024-06-01 19:24:08,903 - WARNING - Archivos faltantes para REFCAT 33008B00400359
2024-06-01 19:24:08,903 - WARNING - Archivos faltantes para REFCAT 001327300UN59E
2024-06-01 19:24:08,903 - WARNING - Archivos faltantes para REFCAT 33008B00400427
2024-06-01 19:24:08,903 - WARNING - Archivos faltantes para REFCAT 33008A03700212
2024-06-01 19:24:08,903 - WARNING - Archivos faltantes para REFCAT 33008A00100045
2024-06-01 19:24:09,730 - INFO - Archivo procesado y guardado en: C:/Trabajo/catastro/modelo6/origen/ficheros/multimedia\001410500UN59E\001410500UN59E.xlsx
2024-06-01 19:24:09,730 - WARNING - Archivos faltantes para REFCAT 33008A03811070
2024-06-01 19:25:18,266 - WARNING - Archivos faltantes para REFCAT 33008A00100015
2024-06-01 19:25:18,266 - WARNING - Archivos faltantes para REFCAT 0378005UN5907N
2024-06-01 19:25:19,056 - INFO - Archivo procesado y guardado en: C:/Trabajo/catastro/modelo6/origen/ficheros/multimedia\33008A03300536\33008A03300536.xlsx
2024-06-01 19:25:19,823 - INFO - Archivo procesado y guardado en: C:/Trabajo/catastro/modelo6/origen/ficheros/multimedia\001917000UN58H\001917000UN58H.xlsx
2024-06-01 19:25:19,823 - WARNING - Archivos faltantes para REFCAT 33008G00400315
2024-06-01 19:25:19,824 - WARNING - Archivos faltantes para REFCAT 33008F00100052
2024-06-01 19:25:19,824 - WARNING - Archivos faltantes para REFCAT 33008A02001399
2024-06-01 19:25:19,824 - WARNING - Archivos faltantes para REFCAT 001920400UN58H
2024-06-01 19:25:19,824 - WARNING - Archivos faltantes para REFCAT 33008E00600254
2024-06-01 19:25:19,824 - WARNING - Archivos faltantes para REFCAT 33008A00900032
2024-06-01 19:25:19,824 - WARNING - Archivos faltantes para REFCAT 001314300UN59E
2024-06-01 19:25:19,824 - WARNING - Archivos faltantes para REFCAT 001201100UN58G
2024-06-01 19:25:19,824 - WARNING - Archivos faltantes para REFCAT 000816800UN59E
2024-06-01 19:25:19,824 - WARNING - Archivos faltantes para REFCAT 001329400UN59E
2024-06-01 19:25:19,824 - WARNING - Archivos faltantes para REFCAT 000413200UN49F
2024-06-01 19:25:19,824 - WARNING - Archivos faltantes para REFCAT 000708500UN59E
2024-06-01 19:25:19,824 - WARNING - Archivos faltantes para REFCAT 001342200UN59E
2024-06-01 19:25:19,824 - WARNING - Archivos faltantes para REFCAT 001409000UN59E
2024-06-01 19:25:19,824 - WARNING - Archivos faltantes para REFCAT 33008F00500285
2024-06-01 19:25:19,825 - WARNING - Archivos faltantes para REFCAT 000802600UN59E
2024-06-01 19:25:19,825 - WARNING - Archivos faltantes para REFCAT 33008B00600497
2024-06-01 19:25:19,825 - WARNING - Archivos faltantes para REFCAT 000817700UN59E
2024-06-01 19:25:19,825 - WARNING - Archivos faltantes para REFCAT 001501800UN59G
2024-06-01 19:25:20,664 - INFO - Archivo procesado y guardado en: C:/Trabajo/catastro/modelo6/origen/ficheros/multimedia\001509400UN49H\001509400UN49H.xlsx
2024-06-01 19:25:20,664 - WARNING - Archivos faltantes para REFCAT 001601500UN59G
2024-06-01 19:25:20,664 - WARNING - Archivos faltantes para REFCAT 33008B00400359
2024-06-01 19:25:20,664 - WARNING - Archivos faltantes para REFCAT 001327300UN59E
2024-06-01 19:25:20,664 - WARNING - Archivos faltantes para REFCAT 33008B00400427
2024-06-01 19:25:20,664 - WARNING - Archivos faltantes para REFCAT 33008A03700212
2024-06-01 19:25:20,664 - WARNING - Archivos faltantes para REFCAT 33008A00100045
2024-06-01 19:25:21,482 - INFO - Archivo procesado y guardado en: C:/Trabajo/catastro/modelo6/origen/ficheros/multimedia\001410500UN59E\001410500UN59E.xlsx
2024-06-01 19:25:21,483 - WARNING - Archivos faltantes para REFCAT 33008A03811070
