2024-06-01 20:23:51,900 - INFO - Tablas disponibles en el esquema 'cabrales': ['DATOS_INICIALES', 'linea_control', 'subparce_u', 'incidencias', 'masa_r', 'csv_entrega_mir', 'masa_u', 'parcela_r', 'parcela_u', 'constru_r', 'subparce_r', 'constru_u', 'limites', 'sgipsa_placo_prueba_prueba', 'datos_sauce', 'segipsa_placo', 'src_placo_expedientes', '14F', 'FINCA', '14G']
2024-06-01 20:23:51,900 - INFO - Consulta ejecutada: SELECT "REFCAT" FROM "cabrales"."segipsa_placo" WHERE "accion" != 'CIER'
2024-06-01 20:23:52,498 - INFO - Consulta exitosa. Resultado:             REFCAT
0   33008A00100015
1   0378005UN5907N
2   33008A03300536
3   001917000UN58H
4   33008G00400315
5   33008F00100052
6   33008A02001399
7   001920400UN58H
8   33008E00600254
9   33008A00900032
10  001314300UN59E
11  001201100UN58G
12  000816800UN59E
13  001329400UN59E
14  000413200UN49F
15  000708500UN59E
16  001342200UN59E
17  001409000UN59E
18  33008F00500285
19  000802600UN59E
20  33008B00600497
21  000817700UN59E
22  001501800UN59G
23  001509400UN49H
24  001601500UN59G
25  33008B00400359
26  001327300UN59E
27  33008B00400427
28  33008A03700212
29  33008A00100045
30  001410500UN59E
31  33008A03811070
2024-06-01 20:23:52,498 - INFO - Refcat value: 33008A00100015
2024-06-01 20:23:52,498 - WARNING - Archivos faltantes para REFCAT 33008A00100015
2024-06-01 20:23:52,498 - WARNING - El archivo C:/Trabajo/catastro/modelo6/origen/ficheros/multimedia\33008A00100015\33008A00100015.png no se encuentra en la carpeta C:/Trabajo/catastro/modelo6/origen/ficheros/multimedia\33008A00100015
2024-06-01 20:23:52,498 - WARNING - El archivo C:/Trabajo/catastro/modelo6/origen/ficheros/multimedia\33008A00100015\33008A00100015.jpg no se encuentra en la carpeta C:/Trabajo/catastro/modelo6/origen/ficheros/multimedia\33008A00100015
2024-06-01 20:23:52,498 - WARNING - El archivo C:/Trabajo/catastro/modelo6/origen/ficheros/multimedia\33008A00100015\33008A00100015.csv no se encuentra en la carpeta C:/Trabajo/catastro/modelo6/origen/ficheros/multimedia\33008A00100015
2024-06-01 20:23:52,498 - INFO - Refcat value: 0378005UN5907N
2024-06-01 20:23:52,498 - WARNING - Archivos faltantes para REFCAT 0378005UN5907N
2024-06-01 20:23:52,498 - WARNING - El archivo C:/Trabajo/catastro/modelo6/origen/ficheros/multimedia\0378005UN5907N\0378005UN5907N.png no se encuentra en la carpeta C:/Trabajo/catastro/modelo6/origen/ficheros/multimedia\0378005UN5907N
2024-06-01 20:23:52,498 - WARNING - El archivo C:/Trabajo/catastro/modelo6/origen/ficheros/multimedia\0378005UN5907N\0378005UN5907N.jpg no se encuentra en la carpeta C:/Trabajo/catastro/modelo6/origen/ficheros/multimedia\0378005UN5907N
2024-06-01 20:23:52,498 - WARNING - El archivo C:/Trabajo/catastro/modelo6/origen/ficheros/multimedia\0378005UN5907N\0378005UN5907N.csv no se encuentra en la carpeta C:/Trabajo/catastro/modelo6/origen/ficheros/multimedia\0378005UN5907N
2024-06-01 20:23:52,498 - INFO - Refcat value: 33008A03300536
2024-06-01 20:23:52,514 - INFO - Plantilla copiada a: C:/Trabajo/catastro/modelo6/origen/ficheros/iniciales/salida\33008A03300536_FichaResumen.xlsx
2024-06-01 20:23:53,294 - INFO - Libro de trabajo guardado en: C:/Trabajo/catastro/modelo6/origen/ficheros/iniciales/salida\33008A03300536_FichaResumen.xlsx
2024-06-01 20:23:53,295 - INFO - Refcat value: 001917000UN58H
2024-06-01 20:23:53,301 - INFO - Plantilla copiada a: C:/Trabajo/catastro/modelo6/origen/ficheros/iniciales/salida\001917000UN58H_FichaResumen.xlsx
2024-06-01 20:23:54,092 - INFO - Libro de trabajo guardado en: C:/Trabajo/catastro/modelo6/origen/ficheros/iniciales/salida\001917000UN58H_FichaResumen.xlsx
2024-06-01 20:23:54,092 - INFO - Refcat value: 33008G00400315
2024-06-01 20:23:54,092 - WARNING - Archivos faltantes para REFCAT 33008G00400315
2024-06-01 20:23:54,092 - WARNING - El archivo C:/Trabajo/catastro/modelo6/origen/ficheros/multimedia\33008G00400315\33008G00400315.png no se encuentra en la carpeta C:/Trabajo/catastro/modelo6/origen/ficheros/multimedia\33008G00400315
2024-06-01 20:23:54,092 - WARNING - El archivo C:/Trabajo/catastro/modelo6/origen/ficheros/multimedia\33008G00400315\33008G00400315.jpg no se encuentra en la carpeta C:/Trabajo/catastro/modelo6/origen/ficheros/multimedia\33008G00400315
2024-06-01 20:23:54,092 - WARNING - El archivo C:/Trabajo/catastro/modelo6/origen/ficheros/multimedia\33008G00400315\33008G00400315.csv no se encuentra en la carpeta C:/Trabajo/catastro/modelo6/origen/ficheros/multimedia\33008G00400315
2024-06-01 20:23:54,092 - INFO - Refcat value: 33008F00100052
2024-06-01 20:23:54,092 - WARNING - Archivos faltantes para REFCAT 33008F00100052
2024-06-01 20:23:54,092 - WARNING - El archivo C:/Trabajo/catastro/modelo6/origen/ficheros/multimedia\33008F00100052\33008F00100052.png no se encuentra en la carpeta C:/Trabajo/catastro/modelo6/origen/ficheros/multimedia\33008F00100052
2024-06-01 20:23:54,092 - WARNING - El archivo C:/Trabajo/catastro/modelo6/origen/ficheros/multimedia\33008F00100052\33008F00100052.jpg no se encuentra en la carpeta C:/Trabajo/catastro/modelo6/origen/ficheros/multimedia\33008F00100052
2024-06-01 20:23:54,092 - WARNING - El archivo C:/Trabajo/catastro/modelo6/origen/ficheros/multimedia\33008F00100052\33008F00100052.csv no se encuentra en la carpeta C:/Trabajo/catastro/modelo6/origen/ficheros/multimedia\33008F00100052
2024-06-01 20:23:54,092 - INFO - Refcat value: 33008A02001399
2024-06-01 20:23:54,092 - WARNING - Archivos faltantes para REFCAT 33008A02001399
2024-06-01 20:23:54,092 - WARNING - El archivo C:/Trabajo/catastro/modelo6/origen/ficheros/multimedia\33008A02001399\33008A02001399.png no se encuentra en la carpeta C:/Trabajo/catastro/modelo6/origen/ficheros/multimedia\33008A02001399
2024-06-01 20:23:54,092 - WARNING - El archivo C:/Trabajo/catastro/modelo6/origen/ficheros/multimedia\33008A02001399\33008A02001399.jpg no se encuentra en la carpeta C:/Trabajo/catastro/modelo6/origen/ficheros/multimedia\33008A02001399
2024-06-01 20:23:54,092 - WARNING - El archivo C:/Trabajo/catastro/modelo6/origen/ficheros/multimedia\33008A02001399\33008A02001399.csv no se encuentra en la carpeta C:/Trabajo/catastro/modelo6/origen/ficheros/multimedia\33008A02001399
2024-06-01 20:23:54,092 - INFO - Refcat value: 001920400UN58H
2024-06-01 20:23:54,092 - WARNING - Archivos faltantes para REFCAT 001920400UN58H
2024-06-01 20:23:54,092 - WARNING - El archivo C:/Trabajo/catastro/modelo6/origen/ficheros/multimedia\001920400UN58H\001920400UN58H.png no se encuentra en la carpeta C:/Trabajo/catastro/modelo6/origen/ficheros/multimedia\001920400UN58H
2024-06-01 20:23:54,092 - WARNING - El archivo C:/Trabajo/catastro/modelo6/origen/ficheros/multimedia\001920400UN58H\001920400UN58H.jpg no se encuentra en la carpeta C:/Trabajo/catastro/modelo6/origen/ficheros/multimedia\001920400UN58H
2024-06-01 20:23:54,092 - WARNING - El archivo C:/Trabajo/catastro/modelo6/origen/ficheros/multimedia\001920400UN58H\001920400UN58H.csv no se encuentra en la carpeta C:/Trabajo/catastro/modelo6/origen/ficheros/multimedia\001920400UN58H
2024-06-01 20:23:54,092 - INFO - Refcat value: 33008E00600254
2024-06-01 20:23:54,092 - WARNING - Archivos faltantes para REFCAT 33008E00600254
2024-06-01 20:23:54,092 - WARNING - El archivo C:/Trabajo/catastro/modelo6/origen/ficheros/multimedia\33008E00600254\33008E00600254.png no se encuentra en la carpeta C:/Trabajo/catastro/modelo6/origen/ficheros/multimedia\33008E00600254
2024-06-01 20:23:54,092 - WARNING - El archivo C:/Trabajo/catastro/modelo6/origen/ficheros/multimedia\33008E00600254\33008E00600254.jpg no se encuentra en la carpeta C:/Trabajo/catastro/modelo6/origen/ficheros/multimedia\33008E00600254
2024-06-01 20:23:54,092 - WARNING - El archivo C:/Trabajo/catastro/modelo6/origen/ficheros/multimedia\33008E00600254\33008E00600254.csv no se encuentra en la carpeta C:/Trabajo/catastro/modelo6/origen/ficheros/multimedia\33008E00600254
2024-06-01 20:23:54,092 - INFO - Refcat value: 33008A00900032
2024-06-01 20:23:54,092 - WARNING - Archivos faltantes para REFCAT 33008A00900032
2024-06-01 20:23:54,092 - WARNING - El archivo C:/Trabajo/catastro/modelo6/origen/ficheros/multimedia\33008A00900032\33008A00900032.png no se encuentra en la carpeta C:/Trabajo/catastro/modelo6/origen/ficheros/multimedia\33008A00900032
2024-06-01 20:23:54,092 - WARNING - El archivo C:/Trabajo/catastro/modelo6/origen/ficheros/multimedia\33008A00900032\33008A00900032.jpg no se encuentra en la carpeta C:/Trabajo/catastro/modelo6/origen/ficheros/multimedia\33008A00900032
2024-06-01 20:23:54,092 - WARNING - El archivo C:/Trabajo/catastro/modelo6/origen/ficheros/multimedia\33008A00900032\33008A00900032.csv no se encuentra en la carpeta C:/Trabajo/catastro/modelo6/origen/ficheros/multimedia\33008A00900032
2024-06-01 20:23:54,092 - INFO - Refcat value: 001314300UN59E
2024-06-01 20:23:54,092 - WARNING - Archivos faltantes para REFCAT 001314300UN59E
2024-06-01 20:23:54,092 - WARNING - El archivo C:/Trabajo/catastro/modelo6/origen/ficheros/multimedia\001314300UN59E\001314300UN59E.png no se encuentra en la carpeta C:/Trabajo/catastro/modelo6/origen/ficheros/multimedia\001314300UN59E
2024-06-01 20:23:54,092 - WARNING - El archivo C:/Trabajo/catastro/modelo6/origen/ficheros/multimedia\001314300UN59E\001314300UN59E.jpg no se encuentra en la carpeta C:/Trabajo/catastro/modelo6/origen/ficheros/multimedia\001314300UN59E
2024-06-01 20:23:54,092 - WARNING - El archivo C:/Trabajo/catastro/modelo6/origen/ficheros/multimedia\001314300UN59E\001314300UN59E.csv no se encuentra en la carpeta C:/Trabajo/catastro/modelo6/origen/ficheros/multimedia\001314300UN59E
2024-06-01 20:23:54,092 - INFO - Refcat value: 001201100UN58G
2024-06-01 20:23:54,092 - WARNING - Archivos faltantes para REFCAT 001201100UN58G
2024-06-01 20:23:54,092 - WARNING - El archivo C:/Trabajo/catastro/modelo6/origen/ficheros/multimedia\001201100UN58G\001201100UN58G.png no se encuentra en la carpeta C:/Trabajo/catastro/modelo6/origen/ficheros/multimedia\001201100UN58G
2024-06-01 20:23:54,092 - WARNING - El archivo C:/Trabajo/catastro/modelo6/origen/ficheros/multimedia\001201100UN58G\001201100UN58G.jpg no se encuentra en la carpeta C:/Trabajo/catastro/modelo6/origen/ficheros/multimedia\001201100UN58G
2024-06-01 20:23:54,092 - WARNING - El archivo C:/Trabajo/catastro/modelo6/origen/ficheros/multimedia\001201100UN58G\001201100UN58G.csv no se encuentra en la carpeta C:/Trabajo/catastro/modelo6/origen/ficheros/multimedia\001201100UN58G
2024-06-01 20:23:54,092 - INFO - Refcat value: 000816800UN59E
2024-06-01 20:23:54,092 - WARNING - Archivos faltantes para REFCAT 000816800UN59E
2024-06-01 20:23:54,092 - WARNING - El archivo C:/Trabajo/catastro/modelo6/origen/ficheros/multimedia\000816800UN59E\000816800UN59E.png no se encuentra en la carpeta C:/Trabajo/catastro/modelo6/origen/ficheros/multimedia\000816800UN59E
2024-06-01 20:23:54,092 - WARNING - El archivo C:/Trabajo/catastro/modelo6/origen/ficheros/multimedia\000816800UN59E\000816800UN59E.jpg no se encuentra en la carpeta C:/Trabajo/catastro/modelo6/origen/ficheros/multimedia\000816800UN59E
2024-06-01 20:23:54,092 - WARNING - El archivo C:/Trabajo/catastro/modelo6/origen/ficheros/multimedia\000816800UN59E\000816800UN59E.csv no se encuentra en la carpeta C:/Trabajo/catastro/modelo6/origen/ficheros/multimedia\000816800UN59E
2024-06-01 20:23:54,092 - INFO - Refcat value: 001329400UN59E
2024-06-01 20:23:54,092 - WARNING - Archivos faltantes para REFCAT 001329400UN59E
2024-06-01 20:23:54,092 - WARNING - El archivo C:/Trabajo/catastro/modelo6/origen/ficheros/multimedia\001329400UN59E\001329400UN59E.jpg no se encuentra en la carpeta C:/Trabajo/catastro/modelo6/origen/ficheros/multimedia\001329400UN59E
2024-06-01 20:23:54,092 - WARNING - El archivo C:/Trabajo/catastro/modelo6/origen/ficheros/multimedia\001329400UN59E\001329400UN59E.csv no se encuentra en la carpeta C:/Trabajo/catastro/modelo6/origen/ficheros/multimedia\001329400UN59E
2024-06-01 20:23:54,092 - INFO - Refcat value: 000413200UN49F
2024-06-01 20:23:54,092 - WARNING - Archivos faltantes para REFCAT 000413200UN49F
2024-06-01 20:23:54,092 - WARNING - El archivo C:/Trabajo/catastro/modelo6/origen/ficheros/multimedia\000413200UN49F\000413200UN49F.png no se encuentra en la carpeta C:/Trabajo/catastro/modelo6/origen/ficheros/multimedia\000413200UN49F
2024-06-01 20:23:54,092 - WARNING - El archivo C:/Trabajo/catastro/modelo6/origen/ficheros/multimedia\000413200UN49F\000413200UN49F.jpg no se encuentra en la carpeta C:/Trabajo/catastro/modelo6/origen/ficheros/multimedia\000413200UN49F
2024-06-01 20:23:54,092 - WARNING - El archivo C:/Trabajo/catastro/modelo6/origen/ficheros/multimedia\000413200UN49F\000413200UN49F.csv no se encuentra en la carpeta C:/Trabajo/catastro/modelo6/origen/ficheros/multimedia\000413200UN49F
2024-06-01 20:23:54,092 - INFO - Refcat value: 000708500UN59E
2024-06-01 20:23:54,092 - WARNING - Archivos faltantes para REFCAT 000708500UN59E
2024-06-01 20:23:54,092 - WARNING - El archivo C:/Trabajo/catastro/modelo6/origen/ficheros/multimedia\000708500UN59E\000708500UN59E.png no se encuentra en la carpeta C:/Trabajo/catastro/modelo6/origen/ficheros/multimedia\000708500UN59E
2024-06-01 20:23:54,092 - WARNING - El archivo C:/Trabajo/catastro/modelo6/origen/ficheros/multimedia\000708500UN59E\000708500UN59E.jpg no se encuentra en la carpeta C:/Trabajo/catastro/modelo6/origen/ficheros/multimedia\000708500UN59E
2024-06-01 20:23:54,092 - WARNING - El archivo C:/Trabajo/catastro/modelo6/origen/ficheros/multimedia\000708500UN59E\000708500UN59E.csv no se encuentra en la carpeta C:/Trabajo/catastro/modelo6/origen/ficheros/multimedia\000708500UN59E
2024-06-01 20:23:54,092 - INFO - Refcat value: 001342200UN59E
2024-06-01 20:23:54,092 - WARNING - Archivos faltantes para REFCAT 001342200UN59E
2024-06-01 20:23:54,092 - WARNING - El archivo C:/Trabajo/catastro/modelo6/origen/ficheros/multimedia\001342200UN59E\001342200UN59E.png no se encuentra en la carpeta C:/Trabajo/catastro/modelo6/origen/ficheros/multimedia\001342200UN59E
2024-06-01 20:23:54,092 - WARNING - El archivo C:/Trabajo/catastro/modelo6/origen/ficheros/multimedia\001342200UN59E\001342200UN59E.jpg no se encuentra en la carpeta C:/Trabajo/catastro/modelo6/origen/ficheros/multimedia\001342200UN59E
2024-06-01 20:23:54,092 - WARNING - El archivo C:/Trabajo/catastro/modelo6/origen/ficheros/multimedia\001342200UN59E\001342200UN59E.csv no se encuentra en la carpeta C:/Trabajo/catastro/modelo6/origen/ficheros/multimedia\001342200UN59E
2024-06-01 20:23:54,092 - INFO - Refcat value: 001409000UN59E
2024-06-01 20:23:54,092 - WARNING - Archivos faltantes para REFCAT 001409000UN59E
2024-06-01 20:23:54,092 - WARNING - El archivo C:/Trabajo/catastro/modelo6/origen/ficheros/multimedia\001409000UN59E\001409000UN59E.png no se encuentra en la carpeta C:/Trabajo/catastro/modelo6/origen/ficheros/multimedia\001409000UN59E
2024-06-01 20:23:54,092 - WARNING - El archivo C:/Trabajo/catastro/modelo6/origen/ficheros/multimedia\001409000UN59E\001409000UN59E.jpg no se encuentra en la carpeta C:/Trabajo/catastro/modelo6/origen/ficheros/multimedia\001409000UN59E
2024-06-01 20:23:54,092 - WARNING - El archivo C:/Trabajo/catastro/modelo6/origen/ficheros/multimedia\001409000UN59E\001409000UN59E.csv no se encuentra en la carpeta C:/Trabajo/catastro/modelo6/origen/ficheros/multimedia\001409000UN59E
2024-06-01 20:23:54,092 - INFO - Refcat value: 33008F00500285
2024-06-01 20:23:54,092 - WARNING - Archivos faltantes para REFCAT 33008F00500285
2024-06-01 20:23:54,092 - WARNING - El archivo C:/Trabajo/catastro/modelo6/origen/ficheros/multimedia\33008F00500285\33008F00500285.png no se encuentra en la carpeta C:/Trabajo/catastro/modelo6/origen/ficheros/multimedia\33008F00500285
2024-06-01 20:23:54,092 - WARNING - El archivo C:/Trabajo/catastro/modelo6/origen/ficheros/multimedia\33008F00500285\33008F00500285.jpg no se encuentra en la carpeta C:/Trabajo/catastro/modelo6/origen/ficheros/multimedia\33008F00500285
2024-06-01 20:23:54,092 - WARNING - El archivo C:/Trabajo/catastro/modelo6/origen/ficheros/multimedia\33008F00500285\33008F00500285.csv no se encuentra en la carpeta C:/Trabajo/catastro/modelo6/origen/ficheros/multimedia\33008F00500285
2024-06-01 20:23:54,092 - INFO - Refcat value: 000802600UN59E
2024-06-01 20:23:54,092 - WARNING - Archivos faltantes para REFCAT 000802600UN59E
2024-06-01 20:23:54,092 - WARNING - El archivo C:/Trabajo/catastro/modelo6/origen/ficheros/multimedia\000802600UN59E\000802600UN59E.png no se encuentra en la carpeta C:/Trabajo/catastro/modelo6/origen/ficheros/multimedia\000802600UN59E
2024-06-01 20:23:54,092 - WARNING - El archivo C:/Trabajo/catastro/modelo6/origen/ficheros/multimedia\000802600UN59E\000802600UN59E.jpg no se encuentra en la carpeta C:/Trabajo/catastro/modelo6/origen/ficheros/multimedia\000802600UN59E
2024-06-01 20:23:54,092 - WARNING - El archivo C:/Trabajo/catastro/modelo6/origen/ficheros/multimedia\000802600UN59E\000802600UN59E.csv no se encuentra en la carpeta C:/Trabajo/catastro/modelo6/origen/ficheros/multimedia\000802600UN59E
2024-06-01 20:23:54,092 - INFO - Refcat value: 33008B00600497
2024-06-01 20:23:54,092 - WARNING - Archivos faltantes para REFCAT 33008B00600497
2024-06-01 20:23:54,092 - WARNING - El archivo C:/Trabajo/catastro/modelo6/origen/ficheros/multimedia\33008B00600497\33008B00600497.png no se encuentra en la carpeta C:/Trabajo/catastro/modelo6/origen/ficheros/multimedia\33008B00600497
2024-06-01 20:23:54,092 - WARNING - El archivo C:/Trabajo/catastro/modelo6/origen/ficheros/multimedia\33008B00600497\33008B00600497.jpg no se encuentra en la carpeta C:/Trabajo/catastro/modelo6/origen/ficheros/multimedia\33008B00600497
2024-06-01 20:23:54,092 - WARNING - El archivo C:/Trabajo/catastro/modelo6/origen/ficheros/multimedia\33008B00600497\33008B00600497.csv no se encuentra en la carpeta C:/Trabajo/catastro/modelo6/origen/ficheros/multimedia\33008B00600497
2024-06-01 20:23:54,092 - INFO - Refcat value: 000817700UN59E
2024-06-01 20:23:54,092 - WARNING - Archivos faltantes para REFCAT 000817700UN59E
2024-06-01 20:23:54,092 - WARNING - El archivo C:/Trabajo/catastro/modelo6/origen/ficheros/multimedia\000817700UN59E\000817700UN59E.png no se encuentra en la carpeta C:/Trabajo/catastro/modelo6/origen/ficheros/multimedia\000817700UN59E
2024-06-01 20:23:54,092 - WARNING - El archivo C:/Trabajo/catastro/modelo6/origen/ficheros/multimedia\000817700UN59E\000817700UN59E.jpg no se encuentra en la carpeta C:/Trabajo/catastro/modelo6/origen/ficheros/multimedia\000817700UN59E
2024-06-01 20:23:54,092 - WARNING - El archivo C:/Trabajo/catastro/modelo6/origen/ficheros/multimedia\000817700UN59E\000817700UN59E.csv no se encuentra en la carpeta C:/Trabajo/catastro/modelo6/origen/ficheros/multimedia\000817700UN59E
2024-06-01 20:23:54,092 - INFO - Refcat value: 001501800UN59G
2024-06-01 20:23:54,092 - WARNING - Archivos faltantes para REFCAT 001501800UN59G
2024-06-01 20:23:54,092 - WARNING - El archivo C:/Trabajo/catastro/modelo6/origen/ficheros/multimedia\001501800UN59G\001501800UN59G.png no se encuentra en la carpeta C:/Trabajo/catastro/modelo6/origen/ficheros/multimedia\001501800UN59G
2024-06-01 20:23:54,092 - WARNING - El archivo C:/Trabajo/catastro/modelo6/origen/ficheros/multimedia\001501800UN59G\001501800UN59G.jpg no se encuentra en la carpeta C:/Trabajo/catastro/modelo6/origen/ficheros/multimedia\001501800UN59G
2024-06-01 20:23:54,092 - WARNING - El archivo C:/Trabajo/catastro/modelo6/origen/ficheros/multimedia\001501800UN59G\001501800UN59G.csv no se encuentra en la carpeta C:/Trabajo/catastro/modelo6/origen/ficheros/multimedia\001501800UN59G
2024-06-01 20:23:54,092 - INFO - Refcat value: 001509400UN49H
2024-06-01 20:23:54,092 - INFO - Plantilla copiada a: C:/Trabajo/catastro/modelo6/origen/ficheros/iniciales/salida\001509400UN49H_FichaResumen.xlsx
2024-06-01 20:23:54,855 - INFO - Libro de trabajo guardado en: C:/Trabajo/catastro/modelo6/origen/ficheros/iniciales/salida\001509400UN49H_FichaResumen.xlsx
2024-06-01 20:23:54,855 - INFO - Refcat value: 001601500UN59G
2024-06-01 20:23:54,855 - WARNING - Archivos faltantes para REFCAT 001601500UN59G
2024-06-01 20:23:54,856 - WARNING - El archivo C:/Trabajo/catastro/modelo6/origen/ficheros/multimedia\001601500UN59G\001601500UN59G.png no se encuentra en la carpeta C:/Trabajo/catastro/modelo6/origen/ficheros/multimedia\001601500UN59G
2024-06-01 20:23:54,856 - WARNING - El archivo C:/Trabajo/catastro/modelo6/origen/ficheros/multimedia\001601500UN59G\001601500UN59G.jpg no se encuentra en la carpeta C:/Trabajo/catastro/modelo6/origen/ficheros/multimedia\001601500UN59G
2024-06-01 20:23:54,856 - WARNING - El archivo C:/Trabajo/catastro/modelo6/origen/ficheros/multimedia\001601500UN59G\001601500UN59G.csv no se encuentra en la carpeta C:/Trabajo/catastro/modelo6/origen/ficheros/multimedia\001601500UN59G
2024-06-01 20:23:54,856 - INFO - Refcat value: 33008B00400359
2024-06-01 20:23:54,856 - WARNING - Archivos faltantes para REFCAT 33008B00400359
2024-06-01 20:23:54,856 - WARNING - El archivo C:/Trabajo/catastro/modelo6/origen/ficheros/multimedia\33008B00400359\33008B00400359.png no se encuentra en la carpeta C:/Trabajo/catastro/modelo6/origen/ficheros/multimedia\33008B00400359
2024-06-01 20:23:54,856 - WARNING - El archivo C:/Trabajo/catastro/modelo6/origen/ficheros/multimedia\33008B00400359\33008B00400359.jpg no se encuentra en la carpeta C:/Trabajo/catastro/modelo6/origen/ficheros/multimedia\33008B00400359
2024-06-01 20:23:54,856 - WARNING - El archivo C:/Trabajo/catastro/modelo6/origen/ficheros/multimedia\33008B00400359\33008B00400359.csv no se encuentra en la carpeta C:/Trabajo/catastro/modelo6/origen/ficheros/multimedia\33008B00400359
2024-06-01 20:23:54,856 - INFO - Refcat value: 001327300UN59E
2024-06-01 20:23:54,856 - WARNING - Archivos faltantes para REFCAT 001327300UN59E
2024-06-01 20:23:54,856 - WARNING - El archivo C:/Trabajo/catastro/modelo6/origen/ficheros/multimedia\001327300UN59E\001327300UN59E.png no se encuentra en la carpeta C:/Trabajo/catastro/modelo6/origen/ficheros/multimedia\001327300UN59E
2024-06-01 20:23:54,856 - WARNING - El archivo C:/Trabajo/catastro/modelo6/origen/ficheros/multimedia\001327300UN59E\001327300UN59E.jpg no se encuentra en la carpeta C:/Trabajo/catastro/modelo6/origen/ficheros/multimedia\001327300UN59E
2024-06-01 20:23:54,856 - WARNING - El archivo C:/Trabajo/catastro/modelo6/origen/ficheros/multimedia\001327300UN59E\001327300UN59E.csv no se encuentra en la carpeta C:/Trabajo/catastro/modelo6/origen/ficheros/multimedia\001327300UN59E
2024-06-01 20:23:54,856 - INFO - Refcat value: 33008B00400427
2024-06-01 20:23:54,856 - WARNING - Archivos faltantes para REFCAT 33008B00400427
2024-06-01 20:23:54,856 - WARNING - El archivo C:/Trabajo/catastro/modelo6/origen/ficheros/multimedia\33008B00400427\33008B00400427.png no se encuentra en la carpeta C:/Trabajo/catastro/modelo6/origen/ficheros/multimedia\33008B00400427
2024-06-01 20:23:54,856 - WARNING - El archivo C:/Trabajo/catastro/modelo6/origen/ficheros/multimedia\33008B00400427\33008B00400427.jpg no se encuentra en la carpeta C:/Trabajo/catastro/modelo6/origen/ficheros/multimedia\33008B00400427
2024-06-01 20:23:54,856 - WARNING - El archivo C:/Trabajo/catastro/modelo6/origen/ficheros/multimedia\33008B00400427\33008B00400427.csv no se encuentra en la carpeta C:/Trabajo/catastro/modelo6/origen/ficheros/multimedia\33008B00400427
2024-06-01 20:23:54,856 - INFO - Refcat value: 33008A03700212
2024-06-01 20:23:54,856 - WARNING - Archivos faltantes para REFCAT 33008A03700212
2024-06-01 20:23:54,856 - WARNING - El archivo C:/Trabajo/catastro/modelo6/origen/ficheros/multimedia\33008A03700212\33008A03700212.png no se encuentra en la carpeta C:/Trabajo/catastro/modelo6/origen/ficheros/multimedia\33008A03700212
2024-06-01 20:23:54,856 - WARNING - El archivo C:/Trabajo/catastro/modelo6/origen/ficheros/multimedia\33008A03700212\33008A03700212.jpg no se encuentra en la carpeta C:/Trabajo/catastro/modelo6/origen/ficheros/multimedia\33008A03700212
2024-06-01 20:23:54,857 - WARNING - El archivo C:/Trabajo/catastro/modelo6/origen/ficheros/multimedia\33008A03700212\33008A03700212.csv no se encuentra en la carpeta C:/Trabajo/catastro/modelo6/origen/ficheros/multimedia\33008A03700212
2024-06-01 20:23:54,857 - INFO - Refcat value: 33008A00100045
2024-06-01 20:23:54,857 - WARNING - Archivos faltantes para REFCAT 33008A00100045
2024-06-01 20:23:54,857 - WARNING - El archivo C:/Trabajo/catastro/modelo6/origen/ficheros/multimedia\33008A00100045\33008A00100045.png no se encuentra en la carpeta C:/Trabajo/catastro/modelo6/origen/ficheros/multimedia\33008A00100045
2024-06-01 20:23:54,857 - WARNING - El archivo C:/Trabajo/catastro/modelo6/origen/ficheros/multimedia\33008A00100045\33008A00100045.jpg no se encuentra en la carpeta C:/Trabajo/catastro/modelo6/origen/ficheros/multimedia\33008A00100045
2024-06-01 20:23:54,857 - WARNING - El archivo C:/Trabajo/catastro/modelo6/origen/ficheros/multimedia\33008A00100045\33008A00100045.csv no se encuentra en la carpeta C:/Trabajo/catastro/modelo6/origen/ficheros/multimedia\33008A00100045
2024-06-01 20:23:54,857 - INFO - Refcat value: 001410500UN59E
2024-06-01 20:23:54,862 - INFO - Plantilla copiada a: C:/Trabajo/catastro/modelo6/origen/ficheros/iniciales/salida\001410500UN59E_FichaResumen.xlsx
2024-06-01 20:23:55,688 - INFO - Libro de trabajo guardado en: C:/Trabajo/catastro/modelo6/origen/ficheros/iniciales/salida\001410500UN59E_FichaResumen.xlsx
2024-06-01 20:23:55,689 - INFO - Refcat value: 33008A03811070
2024-06-01 20:23:55,689 - WARNING - Archivos faltantes para REFCAT 33008A03811070
2024-06-01 20:23:55,689 - WARNING - El archivo C:/Trabajo/catastro/modelo6/origen/ficheros/multimedia\33008A03811070\33008A03811070.png no se encuentra en la carpeta C:/Trabajo/catastro/modelo6/origen/ficheros/multimedia\33008A03811070
2024-06-01 20:23:55,689 - WARNING - El archivo C:/Trabajo/catastro/modelo6/origen/ficheros/multimedia\33008A03811070\33008A03811070.jpg no se encuentra en la carpeta C:/Trabajo/catastro/modelo6/origen/ficheros/multimedia\33008A03811070
2024-06-01 20:23:55,689 - WARNING - El archivo C:/Trabajo/catastro/modelo6/origen/ficheros/multimedia\33008A03811070\33008A03811070.csv no se encuentra en la carpeta C:/Trabajo/catastro/modelo6/origen/ficheros/multimedia\33008A03811070
2024-06-01 20:38:23,052 - INFO - Tablas disponibles en el esquema 'cabrales': ['DATOS_INICIALES', 'linea_control', 'subparce_u', 'incidencias', 'masa_r', 'csv_entrega_mir', 'masa_u', 'parcela_r', 'parcela_u', 'constru_r', 'subparce_r', 'constru_u', 'limites', 'sgipsa_placo_prueba_prueba', 'datos_sauce', 'segipsa_placo', 'src_placo_expedientes', '14F', 'FINCA', '14G']
2024-06-01 20:38:23,052 - INFO - Consulta ejecutada: SELECT "REFCAT" FROM "cabrales"."segipsa_placo" WHERE "accion" != 'CIER'
2024-06-01 20:38:23,668 - INFO - Consulta exitosa. Resultado:             REFCAT
0   33008A00100015
1   0378005UN5907N
2   33008A03300536
3   001917000UN58H
4   33008G00400315
5   33008F00100052
6   33008A02001399
7   001920400UN58H
8   33008E00600254
9   33008A00900032
10  001314300UN59E
11  001201100UN58G
12  000816800UN59E
13  001329400UN59E
14  000413200UN49F
15  000708500UN59E
16  001342200UN59E
17  001409000UN59E
18  33008F00500285
19  000802600UN59E
20  33008B00600497
21  000817700UN59E
22  001501800UN59G
23  001509400UN49H
24  001601500UN59G
25  33008B00400359
26  001327300UN59E
27  33008B00400427
28  33008A03700212
29  33008A00100045
30  001410500UN59E
31  33008A03811070
2024-06-01 20:38:23,668 - INFO - Refcat value: 33008A00100015
2024-06-01 20:42:36,073 - INFO - Tablas disponibles en el esquema 'cabrales': ['DATOS_INICIALES', 'linea_control', 'subparce_u', 'incidencias', 'masa_r', 'csv_entrega_mir', 'masa_u', 'parcela_r', 'parcela_u', 'constru_r', 'subparce_r', 'constru_u', 'limites', 'sgipsa_placo_prueba_prueba', 'datos_sauce', 'segipsa_placo', 'src_placo_expedientes', '14F', 'FINCA', '14G']
2024-06-01 20:42:36,073 - INFO - Consulta ejecutada: SELECT "REFCAT" FROM "cabrales"."segipsa_placo" WHERE "accion" != 'CIER'
2024-06-01 20:42:36,699 - INFO - Consulta exitosa. Resultado:             REFCAT
0   33008A00100015
1   0378005UN5907N
2   33008A03300536
3   001917000UN58H
4   33008G00400315
5   33008F00100052
6   33008A02001399
7   001920400UN58H
8   33008E00600254
9   33008A00900032
10  001314300UN59E
11  001201100UN58G
12  000816800UN59E
13  001329400UN59E
14  000413200UN49F
15  000708500UN59E
16  001342200UN59E
17  001409000UN59E
18  33008F00500285
19  000802600UN59E
20  33008B00600497
21  000817700UN59E
22  001501800UN59G
23  001509400UN49H
24  001601500UN59G
25  33008B00400359
26  001327300UN59E
27  33008B00400427
28  33008A03700212
29  33008A00100045
30  001410500UN59E
31  33008A03811070
2024-06-01 20:42:36,699 - INFO - Refcat value: 33008A00100015
2024-06-01 20:46:51,995 - INFO - Tablas disponibles en el esquema 'cabrales': ['DATOS_INICIALES', 'linea_control', 'subparce_u', 'incidencias', 'masa_r', 'csv_entrega_mir', 'masa_u', 'parcela_r', 'parcela_u', 'constru_r', 'subparce_r', 'constru_u', 'limites', 'sgipsa_placo_prueba_prueba', 'datos_sauce', 'segipsa_placo', 'src_placo_expedientes', '14F', 'FINCA', '14G']
2024-06-01 20:46:51,995 - INFO - Consulta ejecutada: SELECT "REFCAT" FROM "cabrales"."segipsa_placo" WHERE "accion" != 'CIER'
2024-06-01 20:46:52,595 - INFO - Consulta exitosa. Resultado:             REFCAT
0   33008A00100015
1   0378005UN5907N
2   33008A03300536
3   001917000UN58H
4   33008G00400315
5   33008F00100052
6   33008A02001399
7   001920400UN58H
8   33008E00600254
9   33008A00900032
10  001314300UN59E
11  001201100UN58G
12  000816800UN59E
13  001329400UN59E
14  000413200UN49F
15  000708500UN59E
16  001342200UN59E
17  001409000UN59E
18  33008F00500285
19  000802600UN59E
20  33008B00600497
21  000817700UN59E
22  001501800UN59G
23  001509400UN49H
24  001601500UN59G
25  33008B00400359
26  001327300UN59E
27  33008B00400427
28  33008A03700212
29  33008A00100045
30  001410500UN59E
31  33008A03811070
2024-06-01 20:46:52,595 - INFO - Refcat value: 33008A00100015
2024-06-01 20:46:52,597 - WARNING - Archivos faltantes para REFCAT 33008A00100015
2024-06-01 20:46:52,597 - WARNING - El archivo C:/Trabajo/catastro/modelo6/origen/ficheros/multimedia\33008A00100015\33008A00100015.png no se encuentra en la carpeta C:/Trabajo/catastro/modelo6/origen/ficheros/multimedia\33008A00100015
2024-06-01 20:46:52,597 - WARNING - El archivo C:/Trabajo/catastro/modelo6/origen/ficheros/multimedia\33008A00100015\33008A00100015.jpg no se encuentra en la carpeta C:/Trabajo/catastro/modelo6/origen/ficheros/multimedia\33008A00100015
2024-06-01 20:46:52,597 - WARNING - El archivo C:/Trabajo/catastro/modelo6/origen/ficheros/multimedia\33008A00100015\33008A00100015.csv no se encuentra en la carpeta C:/Trabajo/catastro/modelo6/origen/ficheros/multimedia\33008A00100015
2024-06-01 20:46:52,597 - INFO - Refcat value: 0378005UN5907N
2024-06-01 20:46:52,597 - WARNING - Archivos faltantes para REFCAT 0378005UN5907N
2024-06-01 20:46:52,597 - WARNING - El archivo C:/Trabajo/catastro/modelo6/origen/ficheros/multimedia\0378005UN5907N\0378005UN5907N.png no se encuentra en la carpeta C:/Trabajo/catastro/modelo6/origen/ficheros/multimedia\0378005UN5907N
2024-06-01 20:46:52,597 - WARNING - El archivo C:/Trabajo/catastro/modelo6/origen/ficheros/multimedia\0378005UN5907N\0378005UN5907N.jpg no se encuentra en la carpeta C:/Trabajo/catastro/modelo6/origen/ficheros/multimedia\0378005UN5907N
2024-06-01 20:46:52,597 - WARNING - El archivo C:/Trabajo/catastro/modelo6/origen/ficheros/multimedia\0378005UN5907N\0378005UN5907N.csv no se encuentra en la carpeta C:/Trabajo/catastro/modelo6/origen/ficheros/multimedia\0378005UN5907N
2024-06-01 20:46:52,597 - INFO - Refcat value: 33008A03300536
2024-06-01 20:46:52,604 - INFO - Plantilla copiada a: C:/Trabajo/catastro/modelo6/origen/ficheros/iniciales/salida\33008A03300536_FichaResumen.xlsx
2024-06-01 20:46:53,381 - INFO - Libro de trabajo guardado en: C:/Trabajo/catastro/modelo6/origen/ficheros/iniciales/salida\33008A03300536_FichaResumen.xlsx
2024-06-01 20:46:53,381 - INFO - Refcat value: 001917000UN58H
2024-06-01 20:46:53,396 - INFO - Plantilla copiada a: C:/Trabajo/catastro/modelo6/origen/ficheros/iniciales/salida\001917000UN58H_FichaResumen.xlsx
2024-06-01 20:46:54,180 - INFO - Libro de trabajo guardado en: C:/Trabajo/catastro/modelo6/origen/ficheros/iniciales/salida\001917000UN58H_FichaResumen.xlsx
2024-06-01 20:46:54,181 - INFO - Refcat value: 33008G00400315
2024-06-01 20:46:54,181 - WARNING - Archivos faltantes para REFCAT 33008G00400315
2024-06-01 20:46:54,182 - WARNING - El archivo C:/Trabajo/catastro/modelo6/origen/ficheros/multimedia\33008G00400315\33008G00400315.png no se encuentra en la carpeta C:/Trabajo/catastro/modelo6/origen/ficheros/multimedia\33008G00400315
2024-06-01 20:46:54,182 - WARNING - El archivo C:/Trabajo/catastro/modelo6/origen/ficheros/multimedia\33008G00400315\33008G00400315.jpg no se encuentra en la carpeta C:/Trabajo/catastro/modelo6/origen/ficheros/multimedia\33008G00400315
2024-06-01 20:46:54,182 - WARNING - El archivo C:/Trabajo/catastro/modelo6/origen/ficheros/multimedia\33008G00400315\33008G00400315.csv no se encuentra en la carpeta C:/Trabajo/catastro/modelo6/origen/ficheros/multimedia\33008G00400315
2024-06-01 20:46:54,182 - INFO - Refcat value: 33008F00100052
2024-06-01 20:46:54,182 - WARNING - Archivos faltantes para REFCAT 33008F00100052
2024-06-01 20:46:54,182 - WARNING - El archivo C:/Trabajo/catastro/modelo6/origen/ficheros/multimedia\33008F00100052\33008F00100052.png no se encuentra en la carpeta C:/Trabajo/catastro/modelo6/origen/ficheros/multimedia\33008F00100052
2024-06-01 20:46:54,182 - WARNING - El archivo C:/Trabajo/catastro/modelo6/origen/ficheros/multimedia\33008F00100052\33008F00100052.jpg no se encuentra en la carpeta C:/Trabajo/catastro/modelo6/origen/ficheros/multimedia\33008F00100052
2024-06-01 20:46:54,182 - WARNING - El archivo C:/Trabajo/catastro/modelo6/origen/ficheros/multimedia\33008F00100052\33008F00100052.csv no se encuentra en la carpeta C:/Trabajo/catastro/modelo6/origen/ficheros/multimedia\33008F00100052
2024-06-01 20:46:54,182 - INFO - Refcat value: 33008A02001399
2024-06-01 20:46:54,182 - WARNING - Archivos faltantes para REFCAT 33008A02001399
2024-06-01 20:46:54,183 - WARNING - El archivo C:/Trabajo/catastro/modelo6/origen/ficheros/multimedia\33008A02001399\33008A02001399.png no se encuentra en la carpeta C:/Trabajo/catastro/modelo6/origen/ficheros/multimedia\33008A02001399
2024-06-01 20:46:54,183 - WARNING - El archivo C:/Trabajo/catastro/modelo6/origen/ficheros/multimedia\33008A02001399\33008A02001399.jpg no se encuentra en la carpeta C:/Trabajo/catastro/modelo6/origen/ficheros/multimedia\33008A02001399
2024-06-01 20:46:54,183 - WARNING - El archivo C:/Trabajo/catastro/modelo6/origen/ficheros/multimedia\33008A02001399\33008A02001399.csv no se encuentra en la carpeta C:/Trabajo/catastro/modelo6/origen/ficheros/multimedia\33008A02001399
2024-06-01 20:46:54,183 - INFO - Refcat value: 001920400UN58H
2024-06-01 20:46:54,183 - WARNING - Archivos faltantes para REFCAT 001920400UN58H
2024-06-01 20:46:54,184 - WARNING - El archivo C:/Trabajo/catastro/modelo6/origen/ficheros/multimedia\001920400UN58H\001920400UN58H.png no se encuentra en la carpeta C:/Trabajo/catastro/modelo6/origen/ficheros/multimedia\001920400UN58H
2024-06-01 20:46:54,184 - WARNING - El archivo C:/Trabajo/catastro/modelo6/origen/ficheros/multimedia\001920400UN58H\001920400UN58H.jpg no se encuentra en la carpeta C:/Trabajo/catastro/modelo6/origen/ficheros/multimedia\001920400UN58H
2024-06-01 20:46:54,184 - WARNING - El archivo C:/Trabajo/catastro/modelo6/origen/ficheros/multimedia\001920400UN58H\001920400UN58H.csv no se encuentra en la carpeta C:/Trabajo/catastro/modelo6/origen/ficheros/multimedia\001920400UN58H
2024-06-01 20:46:54,184 - INFO - Refcat value: 33008E00600254
2024-06-01 20:46:54,184 - WARNING - Archivos faltantes para REFCAT 33008E00600254
2024-06-01 20:46:54,184 - WARNING - El archivo C:/Trabajo/catastro/modelo6/origen/ficheros/multimedia\33008E00600254\33008E00600254.png no se encuentra en la carpeta C:/Trabajo/catastro/modelo6/origen/ficheros/multimedia\33008E00600254
2024-06-01 20:46:54,184 - WARNING - El archivo C:/Trabajo/catastro/modelo6/origen/ficheros/multimedia\33008E00600254\33008E00600254.jpg no se encuentra en la carpeta C:/Trabajo/catastro/modelo6/origen/ficheros/multimedia\33008E00600254
2024-06-01 20:46:54,184 - WARNING - El archivo C:/Trabajo/catastro/modelo6/origen/ficheros/multimedia\33008E00600254\33008E00600254.csv no se encuentra en la carpeta C:/Trabajo/catastro/modelo6/origen/ficheros/multimedia\33008E00600254
2024-06-01 20:46:54,184 - INFO - Refcat value: 33008A00900032
2024-06-01 20:46:54,186 - WARNING - Archivos faltantes para REFCAT 33008A00900032
2024-06-01 20:46:54,186 - WARNING - El archivo C:/Trabajo/catastro/modelo6/origen/ficheros/multimedia\33008A00900032\33008A00900032.png no se encuentra en la carpeta C:/Trabajo/catastro/modelo6/origen/ficheros/multimedia\33008A00900032
2024-06-01 20:46:54,186 - WARNING - El archivo C:/Trabajo/catastro/modelo6/origen/ficheros/multimedia\33008A00900032\33008A00900032.jpg no se encuentra en la carpeta C:/Trabajo/catastro/modelo6/origen/ficheros/multimedia\33008A00900032
2024-06-01 20:46:54,186 - WARNING - El archivo C:/Trabajo/catastro/modelo6/origen/ficheros/multimedia\33008A00900032\33008A00900032.csv no se encuentra en la carpeta C:/Trabajo/catastro/modelo6/origen/ficheros/multimedia\33008A00900032
2024-06-01 20:46:54,186 - INFO - Refcat value: 001314300UN59E
2024-06-01 20:46:54,186 - WARNING - Archivos faltantes para REFCAT 001314300UN59E
2024-06-01 20:46:54,186 - WARNING - El archivo C:/Trabajo/catastro/modelo6/origen/ficheros/multimedia\001314300UN59E\001314300UN59E.png no se encuentra en la carpeta C:/Trabajo/catastro/modelo6/origen/ficheros/multimedia\001314300UN59E
2024-06-01 20:46:54,186 - WARNING - El archivo C:/Trabajo/catastro/modelo6/origen/ficheros/multimedia\001314300UN59E\001314300UN59E.jpg no se encuentra en la carpeta C:/Trabajo/catastro/modelo6/origen/ficheros/multimedia\001314300UN59E
2024-06-01 20:46:54,187 - WARNING - El archivo C:/Trabajo/catastro/modelo6/origen/ficheros/multimedia\001314300UN59E\001314300UN59E.csv no se encuentra en la carpeta C:/Trabajo/catastro/modelo6/origen/ficheros/multimedia\001314300UN59E
2024-06-01 20:46:54,187 - INFO - Refcat value: 001201100UN58G
2024-06-01 20:46:54,187 - WARNING - Archivos faltantes para REFCAT 001201100UN58G
2024-06-01 20:46:54,187 - WARNING - El archivo C:/Trabajo/catastro/modelo6/origen/ficheros/multimedia\001201100UN58G\001201100UN58G.png no se encuentra en la carpeta C:/Trabajo/catastro/modelo6/origen/ficheros/multimedia\001201100UN58G
2024-06-01 20:46:54,187 - WARNING - El archivo C:/Trabajo/catastro/modelo6/origen/ficheros/multimedia\001201100UN58G\001201100UN58G.jpg no se encuentra en la carpeta C:/Trabajo/catastro/modelo6/origen/ficheros/multimedia\001201100UN58G
2024-06-01 20:46:54,187 - WARNING - El archivo C:/Trabajo/catastro/modelo6/origen/ficheros/multimedia\001201100UN58G\001201100UN58G.csv no se encuentra en la carpeta C:/Trabajo/catastro/modelo6/origen/ficheros/multimedia\001201100UN58G
2024-06-01 20:46:54,187 - INFO - Refcat value: 000816800UN59E
2024-06-01 20:46:54,187 - WARNING - Archivos faltantes para REFCAT 000816800UN59E
2024-06-01 20:46:54,187 - WARNING - El archivo C:/Trabajo/catastro/modelo6/origen/ficheros/multimedia\000816800UN59E\000816800UN59E.png no se encuentra en la carpeta C:/Trabajo/catastro/modelo6/origen/ficheros/multimedia\000816800UN59E
2024-06-01 20:46:54,187 - WARNING - El archivo C:/Trabajo/catastro/modelo6/origen/ficheros/multimedia\000816800UN59E\000816800UN59E.jpg no se encuentra en la carpeta C:/Trabajo/catastro/modelo6/origen/ficheros/multimedia\000816800UN59E
2024-06-01 20:46:54,188 - WARNING - El archivo C:/Trabajo/catastro/modelo6/origen/ficheros/multimedia\000816800UN59E\000816800UN59E.csv no se encuentra en la carpeta C:/Trabajo/catastro/modelo6/origen/ficheros/multimedia\000816800UN59E
2024-06-01 20:46:54,188 - INFO - Refcat value: 001329400UN59E
2024-06-01 20:46:54,188 - WARNING - Archivos faltantes para REFCAT 001329400UN59E
2024-06-01 20:46:54,188 - WARNING - El archivo C:/Trabajo/catastro/modelo6/origen/ficheros/multimedia\001329400UN59E\001329400UN59E.jpg no se encuentra en la carpeta C:/Trabajo/catastro/modelo6/origen/ficheros/multimedia\001329400UN59E
2024-06-01 20:46:54,188 - WARNING - El archivo C:/Trabajo/catastro/modelo6/origen/ficheros/multimedia\001329400UN59E\001329400UN59E.csv no se encuentra en la carpeta C:/Trabajo/catastro/modelo6/origen/ficheros/multimedia\001329400UN59E
2024-06-01 20:46:54,188 - INFO - Refcat value: 000413200UN49F
2024-06-01 20:46:54,189 - WARNING - Archivos faltantes para REFCAT 000413200UN49F
2024-06-01 20:46:54,189 - WARNING - El archivo C:/Trabajo/catastro/modelo6/origen/ficheros/multimedia\000413200UN49F\000413200UN49F.png no se encuentra en la carpeta C:/Trabajo/catastro/modelo6/origen/ficheros/multimedia\000413200UN49F
2024-06-01 20:46:54,189 - WARNING - El archivo C:/Trabajo/catastro/modelo6/origen/ficheros/multimedia\000413200UN49F\000413200UN49F.jpg no se encuentra en la carpeta C:/Trabajo/catastro/modelo6/origen/ficheros/multimedia\000413200UN49F
2024-06-01 20:46:54,189 - WARNING - El archivo C:/Trabajo/catastro/modelo6/origen/ficheros/multimedia\000413200UN49F\000413200UN49F.csv no se encuentra en la carpeta C:/Trabajo/catastro/modelo6/origen/ficheros/multimedia\000413200UN49F
2024-06-01 20:46:54,189 - INFO - Refcat value: 000708500UN59E
2024-06-01 20:46:54,189 - WARNING - Archivos faltantes para REFCAT 000708500UN59E
2024-06-01 20:46:54,189 - WARNING - El archivo C:/Trabajo/catastro/modelo6/origen/ficheros/multimedia\000708500UN59E\000708500UN59E.png no se encuentra en la carpeta C:/Trabajo/catastro/modelo6/origen/ficheros/multimedia\000708500UN59E
2024-06-01 20:46:54,189 - WARNING - El archivo C:/Trabajo/catastro/modelo6/origen/ficheros/multimedia\000708500UN59E\000708500UN59E.jpg no se encuentra en la carpeta C:/Trabajo/catastro/modelo6/origen/ficheros/multimedia\000708500UN59E
2024-06-01 20:46:54,189 - WARNING - El archivo C:/Trabajo/catastro/modelo6/origen/ficheros/multimedia\000708500UN59E\000708500UN59E.csv no se encuentra en la carpeta C:/Trabajo/catastro/modelo6/origen/ficheros/multimedia\000708500UN59E
2024-06-01 20:46:54,189 - INFO - Refcat value: 001342200UN59E
2024-06-01 20:46:54,190 - WARNING - Archivos faltantes para REFCAT 001342200UN59E
2024-06-01 20:46:54,190 - WARNING - El archivo C:/Trabajo/catastro/modelo6/origen/ficheros/multimedia\001342200UN59E\001342200UN59E.png no se encuentra en la carpeta C:/Trabajo/catastro/modelo6/origen/ficheros/multimedia\001342200UN59E
2024-06-01 20:46:54,190 - WARNING - El archivo C:/Trabajo/catastro/modelo6/origen/ficheros/multimedia\001342200UN59E\001342200UN59E.jpg no se encuentra en la carpeta C:/Trabajo/catastro/modelo6/origen/ficheros/multimedia\001342200UN59E
2024-06-01 20:46:54,190 - WARNING - El archivo C:/Trabajo/catastro/modelo6/origen/ficheros/multimedia\001342200UN59E\001342200UN59E.csv no se encuentra en la carpeta C:/Trabajo/catastro/modelo6/origen/ficheros/multimedia\001342200UN59E
2024-06-01 20:46:54,190 - INFO - Refcat value: 001409000UN59E
2024-06-01 20:46:54,190 - WARNING - Archivos faltantes para REFCAT 001409000UN59E
2024-06-01 20:46:54,190 - WARNING - El archivo C:/Trabajo/catastro/modelo6/origen/ficheros/multimedia\001409000UN59E\001409000UN59E.png no se encuentra en la carpeta C:/Trabajo/catastro/modelo6/origen/ficheros/multimedia\001409000UN59E
2024-06-01 20:46:54,190 - WARNING - El archivo C:/Trabajo/catastro/modelo6/origen/ficheros/multimedia\001409000UN59E\001409000UN59E.jpg no se encuentra en la carpeta C:/Trabajo/catastro/modelo6/origen/ficheros/multimedia\001409000UN59E
2024-06-01 20:46:54,190 - WARNING - El archivo C:/Trabajo/catastro/modelo6/origen/ficheros/multimedia\001409000UN59E\001409000UN59E.csv no se encuentra en la carpeta C:/Trabajo/catastro/modelo6/origen/ficheros/multimedia\001409000UN59E
2024-06-01 20:46:54,190 - INFO - Refcat value: 33008F00500285
2024-06-01 20:46:54,191 - WARNING - Archivos faltantes para REFCAT 33008F00500285
2024-06-01 20:46:54,191 - WARNING - El archivo C:/Trabajo/catastro/modelo6/origen/ficheros/multimedia\33008F00500285\33008F00500285.png no se encuentra en la carpeta C:/Trabajo/catastro/modelo6/origen/ficheros/multimedia\33008F00500285
2024-06-01 20:46:54,191 - WARNING - El archivo C:/Trabajo/catastro/modelo6/origen/ficheros/multimedia\33008F00500285\33008F00500285.jpg no se encuentra en la carpeta C:/Trabajo/catastro/modelo6/origen/ficheros/multimedia\33008F00500285
2024-06-01 20:46:54,191 - WARNING - El archivo C:/Trabajo/catastro/modelo6/origen/ficheros/multimedia\33008F00500285\33008F00500285.csv no se encuentra en la carpeta C:/Trabajo/catastro/modelo6/origen/ficheros/multimedia\33008F00500285
2024-06-01 20:46:54,191 - INFO - Refcat value: 000802600UN59E
2024-06-01 20:46:54,191 - WARNING - Archivos faltantes para REFCAT 000802600UN59E
2024-06-01 20:46:54,191 - WARNING - El archivo C:/Trabajo/catastro/modelo6/origen/ficheros/multimedia\000802600UN59E\000802600UN59E.png no se encuentra en la carpeta C:/Trabajo/catastro/modelo6/origen/ficheros/multimedia\000802600UN59E
2024-06-01 20:46:54,191 - WARNING - El archivo C:/Trabajo/catastro/modelo6/origen/ficheros/multimedia\000802600UN59E\000802600UN59E.jpg no se encuentra en la carpeta C:/Trabajo/catastro/modelo6/origen/ficheros/multimedia\000802600UN59E
2024-06-01 20:46:54,191 - WARNING - El archivo C:/Trabajo/catastro/modelo6/origen/ficheros/multimedia\000802600UN59E\000802600UN59E.csv no se encuentra en la carpeta C:/Trabajo/catastro/modelo6/origen/ficheros/multimedia\000802600UN59E
2024-06-01 20:46:54,191 - INFO - Refcat value: 33008B00600497
2024-06-01 20:46:54,191 - WARNING - Archivos faltantes para REFCAT 33008B00600497
2024-06-01 20:46:54,192 - WARNING - El archivo C:/Trabajo/catastro/modelo6/origen/ficheros/multimedia\33008B00600497\33008B00600497.png no se encuentra en la carpeta C:/Trabajo/catastro/modelo6/origen/ficheros/multimedia\33008B00600497
2024-06-01 20:46:54,192 - WARNING - El archivo C:/Trabajo/catastro/modelo6/origen/ficheros/multimedia\33008B00600497\33008B00600497.jpg no se encuentra en la carpeta C:/Trabajo/catastro/modelo6/origen/ficheros/multimedia\33008B00600497
2024-06-01 20:46:54,192 - WARNING - El archivo C:/Trabajo/catastro/modelo6/origen/ficheros/multimedia\33008B00600497\33008B00600497.csv no se encuentra en la carpeta C:/Trabajo/catastro/modelo6/origen/ficheros/multimedia\33008B00600497
2024-06-01 20:46:54,192 - INFO - Refcat value: 000817700UN59E
2024-06-01 20:46:54,192 - WARNING - Archivos faltantes para REFCAT 000817700UN59E
2024-06-01 20:46:54,192 - WARNING - El archivo C:/Trabajo/catastro/modelo6/origen/ficheros/multimedia\000817700UN59E\000817700UN59E.png no se encuentra en la carpeta C:/Trabajo/catastro/modelo6/origen/ficheros/multimedia\000817700UN59E
2024-06-01 20:46:54,192 - WARNING - El archivo C:/Trabajo/catastro/modelo6/origen/ficheros/multimedia\000817700UN59E\000817700UN59E.jpg no se encuentra en la carpeta C:/Trabajo/catastro/modelo6/origen/ficheros/multimedia\000817700UN59E
2024-06-01 20:46:54,192 - WARNING - El archivo C:/Trabajo/catastro/modelo6/origen/ficheros/multimedia\000817700UN59E\000817700UN59E.csv no se encuentra en la carpeta C:/Trabajo/catastro/modelo6/origen/ficheros/multimedia\000817700UN59E
2024-06-01 20:46:54,192 - INFO - Refcat value: 001501800UN59G
2024-06-01 20:46:54,193 - WARNING - Archivos faltantes para REFCAT 001501800UN59G
2024-06-01 20:46:54,193 - WARNING - El archivo C:/Trabajo/catastro/modelo6/origen/ficheros/multimedia\001501800UN59G\001501800UN59G.png no se encuentra en la carpeta C:/Trabajo/catastro/modelo6/origen/ficheros/multimedia\001501800UN59G
2024-06-01 20:46:54,193 - WARNING - El archivo C:/Trabajo/catastro/modelo6/origen/ficheros/multimedia\001501800UN59G\001501800UN59G.jpg no se encuentra en la carpeta C:/Trabajo/catastro/modelo6/origen/ficheros/multimedia\001501800UN59G
2024-06-01 20:46:54,193 - WARNING - El archivo C:/Trabajo/catastro/modelo6/origen/ficheros/multimedia\001501800UN59G\001501800UN59G.csv no se encuentra en la carpeta C:/Trabajo/catastro/modelo6/origen/ficheros/multimedia\001501800UN59G
2024-06-01 20:46:54,193 - INFO - Refcat value: 001509400UN49H
2024-06-01 20:46:54,199 - INFO - Plantilla copiada a: C:/Trabajo/catastro/modelo6/origen/ficheros/iniciales/salida\001509400UN49H_FichaResumen.xlsx
2024-06-01 20:46:54,946 - INFO - Libro de trabajo guardado en: C:/Trabajo/catastro/modelo6/origen/ficheros/iniciales/salida\001509400UN49H_FichaResumen.xlsx
2024-06-01 20:46:54,946 - INFO - Refcat value: 001601500UN59G
2024-06-01 20:46:54,946 - WARNING - Archivos faltantes para REFCAT 001601500UN59G
2024-06-01 20:46:54,947 - WARNING - El archivo C:/Trabajo/catastro/modelo6/origen/ficheros/multimedia\001601500UN59G\001601500UN59G.png no se encuentra en la carpeta C:/Trabajo/catastro/modelo6/origen/ficheros/multimedia\001601500UN59G
2024-06-01 20:46:54,947 - WARNING - El archivo C:/Trabajo/catastro/modelo6/origen/ficheros/multimedia\001601500UN59G\001601500UN59G.jpg no se encuentra en la carpeta C:/Trabajo/catastro/modelo6/origen/ficheros/multimedia\001601500UN59G
2024-06-01 20:46:54,947 - WARNING - El archivo C:/Trabajo/catastro/modelo6/origen/ficheros/multimedia\001601500UN59G\001601500UN59G.csv no se encuentra en la carpeta C:/Trabajo/catastro/modelo6/origen/ficheros/multimedia\001601500UN59G
2024-06-01 20:46:54,947 - INFO - Refcat value: 33008B00400359
2024-06-01 20:46:54,947 - WARNING - Archivos faltantes para REFCAT 33008B00400359
2024-06-01 20:46:54,947 - WARNING - El archivo C:/Trabajo/catastro/modelo6/origen/ficheros/multimedia\33008B00400359\33008B00400359.png no se encuentra en la carpeta C:/Trabajo/catastro/modelo6/origen/ficheros/multimedia\33008B00400359
2024-06-01 20:46:54,947 - WARNING - El archivo C:/Trabajo/catastro/modelo6/origen/ficheros/multimedia\33008B00400359\33008B00400359.jpg no se encuentra en la carpeta C:/Trabajo/catastro/modelo6/origen/ficheros/multimedia\33008B00400359
2024-06-01 20:46:54,947 - WARNING - El archivo C:/Trabajo/catastro/modelo6/origen/ficheros/multimedia\33008B00400359\33008B00400359.csv no se encuentra en la carpeta C:/Trabajo/catastro/modelo6/origen/ficheros/multimedia\33008B00400359
2024-06-01 20:46:54,947 - INFO - Refcat value: 001327300UN59E
2024-06-01 20:46:54,947 - WARNING - Archivos faltantes para REFCAT 001327300UN59E
2024-06-01 20:46:54,949 - WARNING - El archivo C:/Trabajo/catastro/modelo6/origen/ficheros/multimedia\001327300UN59E\001327300UN59E.png no se encuentra en la carpeta C:/Trabajo/catastro/modelo6/origen/ficheros/multimedia\001327300UN59E
2024-06-01 20:46:54,949 - WARNING - El archivo C:/Trabajo/catastro/modelo6/origen/ficheros/multimedia\001327300UN59E\001327300UN59E.jpg no se encuentra en la carpeta C:/Trabajo/catastro/modelo6/origen/ficheros/multimedia\001327300UN59E
2024-06-01 20:46:54,949 - WARNING - El archivo C:/Trabajo/catastro/modelo6/origen/ficheros/multimedia\001327300UN59E\001327300UN59E.csv no se encuentra en la carpeta C:/Trabajo/catastro/modelo6/origen/ficheros/multimedia\001327300UN59E
2024-06-01 20:46:54,949 - INFO - Refcat value: 33008B00400427
2024-06-01 20:46:54,949 - WARNING - Archivos faltantes para REFCAT 33008B00400427
2024-06-01 20:46:54,949 - WARNING - El archivo C:/Trabajo/catastro/modelo6/origen/ficheros/multimedia\33008B00400427\33008B00400427.png no se encuentra en la carpeta C:/Trabajo/catastro/modelo6/origen/ficheros/multimedia\33008B00400427
2024-06-01 20:46:54,949 - WARNING - El archivo C:/Trabajo/catastro/modelo6/origen/ficheros/multimedia\33008B00400427\33008B00400427.jpg no se encuentra en la carpeta C:/Trabajo/catastro/modelo6/origen/ficheros/multimedia\33008B00400427
2024-06-01 20:46:54,949 - WARNING - El archivo C:/Trabajo/catastro/modelo6/origen/ficheros/multimedia\33008B00400427\33008B00400427.csv no se encuentra en la carpeta C:/Trabajo/catastro/modelo6/origen/ficheros/multimedia\33008B00400427
2024-06-01 20:46:54,949 - INFO - Refcat value: 33008A03700212
2024-06-01 20:46:54,949 - WARNING - Archivos faltantes para REFCAT 33008A03700212
2024-06-01 20:46:54,950 - WARNING - El archivo C:/Trabajo/catastro/modelo6/origen/ficheros/multimedia\33008A03700212\33008A03700212.png no se encuentra en la carpeta C:/Trabajo/catastro/modelo6/origen/ficheros/multimedia\33008A03700212
2024-06-01 20:46:54,950 - WARNING - El archivo C:/Trabajo/catastro/modelo6/origen/ficheros/multimedia\33008A03700212\33008A03700212.jpg no se encuentra en la carpeta C:/Trabajo/catastro/modelo6/origen/ficheros/multimedia\33008A03700212
2024-06-01 20:46:54,950 - WARNING - El archivo C:/Trabajo/catastro/modelo6/origen/ficheros/multimedia\33008A03700212\33008A03700212.csv no se encuentra en la carpeta C:/Trabajo/catastro/modelo6/origen/ficheros/multimedia\33008A03700212
2024-06-01 20:46:54,950 - INFO - Refcat value: 33008A00100045
2024-06-01 20:46:54,950 - WARNING - Archivos faltantes para REFCAT 33008A00100045
2024-06-01 20:46:54,950 - WARNING - El archivo C:/Trabajo/catastro/modelo6/origen/ficheros/multimedia\33008A00100045\33008A00100045.png no se encuentra en la carpeta C:/Trabajo/catastro/modelo6/origen/ficheros/multimedia\33008A00100045
2024-06-01 20:46:54,950 - WARNING - El archivo C:/Trabajo/catastro/modelo6/origen/ficheros/multimedia\33008A00100045\33008A00100045.jpg no se encuentra en la carpeta C:/Trabajo/catastro/modelo6/origen/ficheros/multimedia\33008A00100045
2024-06-01 20:46:54,950 - WARNING - El archivo C:/Trabajo/catastro/modelo6/origen/ficheros/multimedia\33008A00100045\33008A00100045.csv no se encuentra en la carpeta C:/Trabajo/catastro/modelo6/origen/ficheros/multimedia\33008A00100045
2024-06-01 20:46:54,950 - INFO - Refcat value: 001410500UN59E
2024-06-01 20:46:54,956 - INFO - Plantilla copiada a: C:/Trabajo/catastro/modelo6/origen/ficheros/iniciales/salida\001410500UN59E_FichaResumen.xlsx
2024-06-01 20:46:55,775 - INFO - Libro de trabajo guardado en: C:/Trabajo/catastro/modelo6/origen/ficheros/iniciales/salida\001410500UN59E_FichaResumen.xlsx
2024-06-01 20:46:55,775 - INFO - Refcat value: 33008A03811070
2024-06-01 20:46:55,775 - WARNING - Archivos faltantes para REFCAT 33008A03811070
2024-06-01 20:46:55,775 - WARNING - El archivo C:/Trabajo/catastro/modelo6/origen/ficheros/multimedia\33008A03811070\33008A03811070.png no se encuentra en la carpeta C:/Trabajo/catastro/modelo6/origen/ficheros/multimedia\33008A03811070
2024-06-01 20:46:55,775 - WARNING - El archivo C:/Trabajo/catastro/modelo6/origen/ficheros/multimedia\33008A03811070\33008A03811070.jpg no se encuentra en la carpeta C:/Trabajo/catastro/modelo6/origen/ficheros/multimedia\33008A03811070
2024-06-01 20:46:55,775 - WARNING - El archivo C:/Trabajo/catastro/modelo6/origen/ficheros/multimedia\33008A03811070\33008A03811070.csv no se encuentra en la carpeta C:/Trabajo/catastro/modelo6/origen/ficheros/multimedia\33008A03811070
2024-06-01 20:53:27,396 - INFO - Tablas disponibles en el esquema 'cabrales': ['DATOS_INICIALES', 'linea_control', 'subparce_u', 'incidencias', 'masa_r', 'csv_entrega_mir', 'masa_u', 'parcela_r', 'parcela_u', 'constru_r', 'subparce_r', 'constru_u', 'limites', 'sgipsa_placo_prueba_prueba', 'datos_sauce', 'segipsa_placo', 'src_placo_expedientes', '14F', 'FINCA', '14G']
2024-06-01 20:53:27,396 - INFO - Consulta ejecutada: SELECT "REFCAT" FROM "cabrales"."segipsa_placo" WHERE "accion" != 'CIER'
2024-06-01 20:53:27,996 - INFO - Consulta exitosa. Resultado:             REFCAT
0   33008A00100015
1   0378005UN5907N
2   33008A03300536
3   001917000UN58H
4   33008G00400315
5   33008F00100052
6   33008A02001399
7   001920400UN58H
8   33008E00600254
9   33008A00900032
10  001314300UN59E
11  001201100UN58G
12  000816800UN59E
13  001329400UN59E
14  000413200UN49F
15  000708500UN59E
16  001342200UN59E
17  001409000UN59E
18  33008F00500285
19  000802600UN59E
20  33008B00600497
21  000817700UN59E
22  001501800UN59G
23  001509400UN49H
24  001601500UN59G
25  33008B00400359
26  001327300UN59E
27  33008B00400427
28  33008A03700212
29  33008A00100045
30  001410500UN59E
31  33008A03811070
2024-06-01 20:53:27,996 - INFO - Refcat value: 33008A00100015
2024-06-01 20:53:27,998 - WARNING - Archivos faltantes para REFCAT 33008A00100015
2024-06-01 20:53:27,998 - WARNING - El archivo C:/Trabajo/catastro/modelo6/origen/ficheros/multimedia\33008A00100015\33008A00100015.png no se encuentra en la carpeta C:/Trabajo/catastro/modelo6/origen/ficheros/multimedia\33008A00100015
2024-06-01 20:53:27,998 - WARNING - El archivo C:/Trabajo/catastro/modelo6/origen/ficheros/multimedia\33008A00100015\33008A00100015.jpg no se encuentra en la carpeta C:/Trabajo/catastro/modelo6/origen/ficheros/multimedia\33008A00100015
2024-06-01 20:53:27,998 - WARNING - El archivo C:/Trabajo/catastro/modelo6/origen/ficheros/multimedia\33008A00100015\33008A00100015.csv no se encuentra en la carpeta C:/Trabajo/catastro/modelo6/origen/ficheros/multimedia\33008A00100015
2024-06-01 20:53:27,998 - INFO - Refcat value: 0378005UN5907N
2024-06-01 20:53:27,998 - WARNING - Archivos faltantes para REFCAT 0378005UN5907N
2024-06-01 20:53:27,998 - WARNING - El archivo C:/Trabajo/catastro/modelo6/origen/ficheros/multimedia\0378005UN5907N\0378005UN5907N.png no se encuentra en la carpeta C:/Trabajo/catastro/modelo6/origen/ficheros/multimedia\0378005UN5907N
2024-06-01 20:53:27,998 - WARNING - El archivo C:/Trabajo/catastro/modelo6/origen/ficheros/multimedia\0378005UN5907N\0378005UN5907N.jpg no se encuentra en la carpeta C:/Trabajo/catastro/modelo6/origen/ficheros/multimedia\0378005UN5907N
2024-06-01 20:53:27,999 - WARNING - El archivo C:/Trabajo/catastro/modelo6/origen/ficheros/multimedia\0378005UN5907N\0378005UN5907N.csv no se encuentra en la carpeta C:/Trabajo/catastro/modelo6/origen/ficheros/multimedia\0378005UN5907N
2024-06-01 20:53:27,999 - INFO - Refcat value: 33008A03300536
2024-06-01 20:53:28,005 - INFO - Plantilla copiada a: C:/Trabajo/catastro/modelo6/origen/ficheros/iniciales/salida\33008A03300536_FichaResumen.xlsx
2024-06-01 20:53:28,680 - ERROR - No se encontraron registros con REFCAT = 3
2024-06-01 20:53:28,781 - ERROR - No se encontraron registros con REFCAT = 3
2024-06-01 20:53:28,890 - ERROR - No se encontraron registros con REFCAT = 0
2024-06-01 20:53:28,994 - ERROR - No se encontraron registros con REFCAT = 0
2024-06-01 20:53:29,099 - ERROR - No se encontraron registros con REFCAT = 8
2024-06-01 20:53:29,199 - ERROR - No se encontraron registros con REFCAT = A
2024-06-01 20:53:29,306 - ERROR - No se encontraron registros con REFCAT = 0
2024-06-01 20:53:29,398 - ERROR - No se encontraron registros con REFCAT = 3
2024-06-01 20:53:29,515 - ERROR - No se encontraron registros con REFCAT = 3
2024-06-01 20:53:29,619 - ERROR - No se encontraron registros con REFCAT = 0
2024-06-01 20:53:29,722 - ERROR - No se encontraron registros con REFCAT = 0
2024-06-01 20:53:29,816 - ERROR - No se encontraron registros con REFCAT = 5
2024-06-01 20:53:29,930 - ERROR - No se encontraron registros con REFCAT = 3
2024-06-01 20:53:30,035 - ERROR - No se encontraron registros con REFCAT = 6
2024-06-01 20:53:30,130 - INFO - Libro de trabajo guardado en: C:/Trabajo/catastro/modelo6/origen/ficheros/iniciales/salida\33008A03300536_FichaResumen.xlsx
2024-06-01 20:53:30,130 - INFO - Refcat value: 001917000UN58H
2024-06-01 20:53:30,137 - INFO - Plantilla copiada a: C:/Trabajo/catastro/modelo6/origen/ficheros/iniciales/salida\001917000UN58H_FichaResumen.xlsx
2024-06-01 20:53:30,804 - ERROR - No se encontraron registros con REFCAT = 0
2024-06-01 20:53:30,908 - ERROR - No se encontraron registros con REFCAT = 0
2024-06-01 20:53:31,012 - ERROR - No se encontraron registros con REFCAT = 1
2024-06-01 20:53:31,116 - ERROR - No se encontraron registros con REFCAT = 9
2024-06-01 20:53:31,221 - ERROR - No se encontraron registros con REFCAT = 1
2024-06-01 20:53:31,326 - ERROR - No se encontraron registros con REFCAT = 7
2024-06-01 20:53:31,426 - ERROR - No se encontraron registros con REFCAT = 0
2024-06-01 20:53:31,538 - ERROR - No se encontraron registros con REFCAT = 0
2024-06-01 20:53:31,642 - ERROR - No se encontraron registros con REFCAT = 0
2024-06-01 20:53:31,748 - ERROR - No se encontraron registros con REFCAT = U
2024-06-01 20:53:31,854 - ERROR - No se encontraron registros con REFCAT = N
2024-06-01 20:53:31,947 - ERROR - No se encontraron registros con REFCAT = 5
2024-06-01 20:53:32,064 - ERROR - No se encontraron registros con REFCAT = 8
2024-06-01 20:53:32,169 - ERROR - No se encontraron registros con REFCAT = H
2024-06-01 20:53:32,281 - INFO - Libro de trabajo guardado en: C:/Trabajo/catastro/modelo6/origen/ficheros/iniciales/salida\001917000UN58H_FichaResumen.xlsx
2024-06-01 20:53:32,281 - INFO - Refcat value: 33008G00400315
2024-06-01 20:53:32,281 - WARNING - Archivos faltantes para REFCAT 33008G00400315
2024-06-01 20:53:32,281 - WARNING - El archivo C:/Trabajo/catastro/modelo6/origen/ficheros/multimedia\33008G00400315\33008G00400315.png no se encuentra en la carpeta C:/Trabajo/catastro/modelo6/origen/ficheros/multimedia\33008G00400315
2024-06-01 20:53:32,281 - WARNING - El archivo C:/Trabajo/catastro/modelo6/origen/ficheros/multimedia\33008G00400315\33008G00400315.jpg no se encuentra en la carpeta C:/Trabajo/catastro/modelo6/origen/ficheros/multimedia\33008G00400315
2024-06-01 20:53:32,281 - WARNING - El archivo C:/Trabajo/catastro/modelo6/origen/ficheros/multimedia\33008G00400315\33008G00400315.csv no se encuentra en la carpeta C:/Trabajo/catastro/modelo6/origen/ficheros/multimedia\33008G00400315
2024-06-01 20:53:32,281 - INFO - Refcat value: 33008F00100052
2024-06-01 20:53:32,281 - WARNING - Archivos faltantes para REFCAT 33008F00100052
2024-06-01 20:53:32,281 - WARNING - El archivo C:/Trabajo/catastro/modelo6/origen/ficheros/multimedia\33008F00100052\33008F00100052.png no se encuentra en la carpeta C:/Trabajo/catastro/modelo6/origen/ficheros/multimedia\33008F00100052
2024-06-01 20:53:32,281 - WARNING - El archivo C:/Trabajo/catastro/modelo6/origen/ficheros/multimedia\33008F00100052\33008F00100052.jpg no se encuentra en la carpeta C:/Trabajo/catastro/modelo6/origen/ficheros/multimedia\33008F00100052
2024-06-01 20:53:32,281 - WARNING - El archivo C:/Trabajo/catastro/modelo6/origen/ficheros/multimedia\33008F00100052\33008F00100052.csv no se encuentra en la carpeta C:/Trabajo/catastro/modelo6/origen/ficheros/multimedia\33008F00100052
2024-06-01 20:53:32,281 - INFO - Refcat value: 33008A02001399
2024-06-01 20:53:32,281 - WARNING - Archivos faltantes para REFCAT 33008A02001399
2024-06-01 20:53:32,281 - WARNING - El archivo C:/Trabajo/catastro/modelo6/origen/ficheros/multimedia\33008A02001399\33008A02001399.png no se encuentra en la carpeta C:/Trabajo/catastro/modelo6/origen/ficheros/multimedia\33008A02001399
2024-06-01 20:53:32,281 - WARNING - El archivo C:/Trabajo/catastro/modelo6/origen/ficheros/multimedia\33008A02001399\33008A02001399.jpg no se encuentra en la carpeta C:/Trabajo/catastro/modelo6/origen/ficheros/multimedia\33008A02001399
2024-06-01 20:53:32,281 - WARNING - El archivo C:/Trabajo/catastro/modelo6/origen/ficheros/multimedia\33008A02001399\33008A02001399.csv no se encuentra en la carpeta C:/Trabajo/catastro/modelo6/origen/ficheros/multimedia\33008A02001399
2024-06-01 20:53:32,281 - INFO - Refcat value: 001920400UN58H
2024-06-01 20:53:32,281 - WARNING - Archivos faltantes para REFCAT 001920400UN58H
2024-06-01 20:53:32,281 - WARNING - El archivo C:/Trabajo/catastro/modelo6/origen/ficheros/multimedia\001920400UN58H\001920400UN58H.png no se encuentra en la carpeta C:/Trabajo/catastro/modelo6/origen/ficheros/multimedia\001920400UN58H
2024-06-01 20:53:32,281 - WARNING - El archivo C:/Trabajo/catastro/modelo6/origen/ficheros/multimedia\001920400UN58H\001920400UN58H.jpg no se encuentra en la carpeta C:/Trabajo/catastro/modelo6/origen/ficheros/multimedia\001920400UN58H
2024-06-01 20:53:32,281 - WARNING - El archivo C:/Trabajo/catastro/modelo6/origen/ficheros/multimedia\001920400UN58H\001920400UN58H.csv no se encuentra en la carpeta C:/Trabajo/catastro/modelo6/origen/ficheros/multimedia\001920400UN58H
2024-06-01 20:53:32,281 - INFO - Refcat value: 33008E00600254
2024-06-01 20:53:32,281 - WARNING - Archivos faltantes para REFCAT 33008E00600254
2024-06-01 20:53:32,281 - WARNING - El archivo C:/Trabajo/catastro/modelo6/origen/ficheros/multimedia\33008E00600254\33008E00600254.png no se encuentra en la carpeta C:/Trabajo/catastro/modelo6/origen/ficheros/multimedia\33008E00600254
2024-06-01 20:53:32,281 - WARNING - El archivo C:/Trabajo/catastro/modelo6/origen/ficheros/multimedia\33008E00600254\33008E00600254.jpg no se encuentra en la carpeta C:/Trabajo/catastro/modelo6/origen/ficheros/multimedia\33008E00600254
2024-06-01 20:53:32,281 - WARNING - El archivo C:/Trabajo/catastro/modelo6/origen/ficheros/multimedia\33008E00600254\33008E00600254.csv no se encuentra en la carpeta C:/Trabajo/catastro/modelo6/origen/ficheros/multimedia\33008E00600254
2024-06-01 20:53:32,281 - INFO - Refcat value: 33008A00900032
2024-06-01 20:53:32,281 - WARNING - Archivos faltantes para REFCAT 33008A00900032
2024-06-01 20:53:32,281 - WARNING - El archivo C:/Trabajo/catastro/modelo6/origen/ficheros/multimedia\33008A00900032\33008A00900032.png no se encuentra en la carpeta C:/Trabajo/catastro/modelo6/origen/ficheros/multimedia\33008A00900032
2024-06-01 20:53:32,281 - WARNING - El archivo C:/Trabajo/catastro/modelo6/origen/ficheros/multimedia\33008A00900032\33008A00900032.jpg no se encuentra en la carpeta C:/Trabajo/catastro/modelo6/origen/ficheros/multimedia\33008A00900032
2024-06-01 20:53:32,281 - WARNING - El archivo C:/Trabajo/catastro/modelo6/origen/ficheros/multimedia\33008A00900032\33008A00900032.csv no se encuentra en la carpeta C:/Trabajo/catastro/modelo6/origen/ficheros/multimedia\33008A00900032
2024-06-01 20:53:32,281 - INFO - Refcat value: 001314300UN59E
2024-06-01 20:53:32,281 - WARNING - Archivos faltantes para REFCAT 001314300UN59E
2024-06-01 20:53:32,281 - WARNING - El archivo C:/Trabajo/catastro/modelo6/origen/ficheros/multimedia\001314300UN59E\001314300UN59E.png no se encuentra en la carpeta C:/Trabajo/catastro/modelo6/origen/ficheros/multimedia\001314300UN59E
2024-06-01 20:53:32,281 - WARNING - El archivo C:/Trabajo/catastro/modelo6/origen/ficheros/multimedia\001314300UN59E\001314300UN59E.jpg no se encuentra en la carpeta C:/Trabajo/catastro/modelo6/origen/ficheros/multimedia\001314300UN59E
2024-06-01 20:53:32,281 - WARNING - El archivo C:/Trabajo/catastro/modelo6/origen/ficheros/multimedia\001314300UN59E\001314300UN59E.csv no se encuentra en la carpeta C:/Trabajo/catastro/modelo6/origen/ficheros/multimedia\001314300UN59E
2024-06-01 20:53:32,281 - INFO - Refcat value: 001201100UN58G
2024-06-01 20:53:32,281 - WARNING - Archivos faltantes para REFCAT 001201100UN58G
2024-06-01 20:53:32,281 - WARNING - El archivo C:/Trabajo/catastro/modelo6/origen/ficheros/multimedia\001201100UN58G\001201100UN58G.png no se encuentra en la carpeta C:/Trabajo/catastro/modelo6/origen/ficheros/multimedia\001201100UN58G
2024-06-01 20:53:32,281 - WARNING - El archivo C:/Trabajo/catastro/modelo6/origen/ficheros/multimedia\001201100UN58G\001201100UN58G.jpg no se encuentra en la carpeta C:/Trabajo/catastro/modelo6/origen/ficheros/multimedia\001201100UN58G
2024-06-01 20:53:32,281 - WARNING - El archivo C:/Trabajo/catastro/modelo6/origen/ficheros/multimedia\001201100UN58G\001201100UN58G.csv no se encuentra en la carpeta C:/Trabajo/catastro/modelo6/origen/ficheros/multimedia\001201100UN58G
2024-06-01 20:53:32,281 - INFO - Refcat value: 000816800UN59E
2024-06-01 20:53:32,281 - WARNING - Archivos faltantes para REFCAT 000816800UN59E
2024-06-01 20:53:32,281 - WARNING - El archivo C:/Trabajo/catastro/modelo6/origen/ficheros/multimedia\000816800UN59E\000816800UN59E.png no se encuentra en la carpeta C:/Trabajo/catastro/modelo6/origen/ficheros/multimedia\000816800UN59E
2024-06-01 20:53:32,281 - WARNING - El archivo C:/Trabajo/catastro/modelo6/origen/ficheros/multimedia\000816800UN59E\000816800UN59E.jpg no se encuentra en la carpeta C:/Trabajo/catastro/modelo6/origen/ficheros/multimedia\000816800UN59E
2024-06-01 20:53:32,281 - WARNING - El archivo C:/Trabajo/catastro/modelo6/origen/ficheros/multimedia\000816800UN59E\000816800UN59E.csv no se encuentra en la carpeta C:/Trabajo/catastro/modelo6/origen/ficheros/multimedia\000816800UN59E
2024-06-01 20:53:32,281 - INFO - Refcat value: 001329400UN59E
2024-06-01 20:53:32,281 - WARNING - Archivos faltantes para REFCAT 001329400UN59E
2024-06-01 20:53:32,281 - WARNING - El archivo C:/Trabajo/catastro/modelo6/origen/ficheros/multimedia\001329400UN59E\001329400UN59E.jpg no se encuentra en la carpeta C:/Trabajo/catastro/modelo6/origen/ficheros/multimedia\001329400UN59E
2024-06-01 20:53:32,281 - WARNING - El archivo C:/Trabajo/catastro/modelo6/origen/ficheros/multimedia\001329400UN59E\001329400UN59E.csv no se encuentra en la carpeta C:/Trabajo/catastro/modelo6/origen/ficheros/multimedia\001329400UN59E
2024-06-01 20:53:32,281 - INFO - Refcat value: 000413200UN49F
2024-06-01 20:53:32,281 - WARNING - Archivos faltantes para REFCAT 000413200UN49F
2024-06-01 20:53:32,281 - WARNING - El archivo C:/Trabajo/catastro/modelo6/origen/ficheros/multimedia\000413200UN49F\000413200UN49F.png no se encuentra en la carpeta C:/Trabajo/catastro/modelo6/origen/ficheros/multimedia\000413200UN49F
2024-06-01 20:53:32,281 - WARNING - El archivo C:/Trabajo/catastro/modelo6/origen/ficheros/multimedia\000413200UN49F\000413200UN49F.jpg no se encuentra en la carpeta C:/Trabajo/catastro/modelo6/origen/ficheros/multimedia\000413200UN49F
2024-06-01 20:53:32,281 - WARNING - El archivo C:/Trabajo/catastro/modelo6/origen/ficheros/multimedia\000413200UN49F\000413200UN49F.csv no se encuentra en la carpeta C:/Trabajo/catastro/modelo6/origen/ficheros/multimedia\000413200UN49F
2024-06-01 20:53:32,281 - INFO - Refcat value: 000708500UN59E
2024-06-01 20:53:32,281 - WARNING - Archivos faltantes para REFCAT 000708500UN59E
2024-06-01 20:53:32,281 - WARNING - El archivo C:/Trabajo/catastro/modelo6/origen/ficheros/multimedia\000708500UN59E\000708500UN59E.png no se encuentra en la carpeta C:/Trabajo/catastro/modelo6/origen/ficheros/multimedia\000708500UN59E
2024-06-01 20:53:32,281 - WARNING - El archivo C:/Trabajo/catastro/modelo6/origen/ficheros/multimedia\000708500UN59E\000708500UN59E.jpg no se encuentra en la carpeta C:/Trabajo/catastro/modelo6/origen/ficheros/multimedia\000708500UN59E
2024-06-01 20:53:32,281 - WARNING - El archivo C:/Trabajo/catastro/modelo6/origen/ficheros/multimedia\000708500UN59E\000708500UN59E.csv no se encuentra en la carpeta C:/Trabajo/catastro/modelo6/origen/ficheros/multimedia\000708500UN59E
2024-06-01 20:53:32,281 - INFO - Refcat value: 001342200UN59E
2024-06-01 20:53:32,281 - WARNING - Archivos faltantes para REFCAT 001342200UN59E
2024-06-01 20:53:32,281 - WARNING - El archivo C:/Trabajo/catastro/modelo6/origen/ficheros/multimedia\001342200UN59E\001342200UN59E.png no se encuentra en la carpeta C:/Trabajo/catastro/modelo6/origen/ficheros/multimedia\001342200UN59E
2024-06-01 20:53:32,281 - WARNING - El archivo C:/Trabajo/catastro/modelo6/origen/ficheros/multimedia\001342200UN59E\001342200UN59E.jpg no se encuentra en la carpeta C:/Trabajo/catastro/modelo6/origen/ficheros/multimedia\001342200UN59E
2024-06-01 20:53:32,281 - WARNING - El archivo C:/Trabajo/catastro/modelo6/origen/ficheros/multimedia\001342200UN59E\001342200UN59E.csv no se encuentra en la carpeta C:/Trabajo/catastro/modelo6/origen/ficheros/multimedia\001342200UN59E
2024-06-01 20:53:32,281 - INFO - Refcat value: 001409000UN59E
2024-06-01 20:53:32,281 - WARNING - Archivos faltantes para REFCAT 001409000UN59E
2024-06-01 20:53:32,281 - WARNING - El archivo C:/Trabajo/catastro/modelo6/origen/ficheros/multimedia\001409000UN59E\001409000UN59E.png no se encuentra en la carpeta C:/Trabajo/catastro/modelo6/origen/ficheros/multimedia\001409000UN59E
2024-06-01 20:53:32,281 - WARNING - El archivo C:/Trabajo/catastro/modelo6/origen/ficheros/multimedia\001409000UN59E\001409000UN59E.jpg no se encuentra en la carpeta C:/Trabajo/catastro/modelo6/origen/ficheros/multimedia\001409000UN59E
2024-06-01 20:53:32,281 - WARNING - El archivo C:/Trabajo/catastro/modelo6/origen/ficheros/multimedia\001409000UN59E\001409000UN59E.csv no se encuentra en la carpeta C:/Trabajo/catastro/modelo6/origen/ficheros/multimedia\001409000UN59E
2024-06-01 20:53:32,281 - INFO - Refcat value: 33008F00500285
2024-06-01 20:53:32,281 - WARNING - Archivos faltantes para REFCAT 33008F00500285
2024-06-01 20:53:32,281 - WARNING - El archivo C:/Trabajo/catastro/modelo6/origen/ficheros/multimedia\33008F00500285\33008F00500285.png no se encuentra en la carpeta C:/Trabajo/catastro/modelo6/origen/ficheros/multimedia\33008F00500285
2024-06-01 20:53:32,281 - WARNING - El archivo C:/Trabajo/catastro/modelo6/origen/ficheros/multimedia\33008F00500285\33008F00500285.jpg no se encuentra en la carpeta C:/Trabajo/catastro/modelo6/origen/ficheros/multimedia\33008F00500285
2024-06-01 20:53:32,281 - WARNING - El archivo C:/Trabajo/catastro/modelo6/origen/ficheros/multimedia\33008F00500285\33008F00500285.csv no se encuentra en la carpeta C:/Trabajo/catastro/modelo6/origen/ficheros/multimedia\33008F00500285
2024-06-01 20:53:32,281 - INFO - Refcat value: 000802600UN59E
2024-06-01 20:53:32,281 - WARNING - Archivos faltantes para REFCAT 000802600UN59E
2024-06-01 20:53:32,281 - WARNING - El archivo C:/Trabajo/catastro/modelo6/origen/ficheros/multimedia\000802600UN59E\000802600UN59E.png no se encuentra en la carpeta C:/Trabajo/catastro/modelo6/origen/ficheros/multimedia\000802600UN59E
2024-06-01 20:53:32,281 - WARNING - El archivo C:/Trabajo/catastro/modelo6/origen/ficheros/multimedia\000802600UN59E\000802600UN59E.jpg no se encuentra en la carpeta C:/Trabajo/catastro/modelo6/origen/ficheros/multimedia\000802600UN59E
2024-06-01 20:53:32,281 - WARNING - El archivo C:/Trabajo/catastro/modelo6/origen/ficheros/multimedia\000802600UN59E\000802600UN59E.csv no se encuentra en la carpeta C:/Trabajo/catastro/modelo6/origen/ficheros/multimedia\000802600UN59E
2024-06-01 20:53:32,281 - INFO - Refcat value: 33008B00600497
2024-06-01 20:53:32,281 - WARNING - Archivos faltantes para REFCAT 33008B00600497
2024-06-01 20:53:32,281 - WARNING - El archivo C:/Trabajo/catastro/modelo6/origen/ficheros/multimedia\33008B00600497\33008B00600497.png no se encuentra en la carpeta C:/Trabajo/catastro/modelo6/origen/ficheros/multimedia\33008B00600497
2024-06-01 20:53:32,281 - WARNING - El archivo C:/Trabajo/catastro/modelo6/origen/ficheros/multimedia\33008B00600497\33008B00600497.jpg no se encuentra en la carpeta C:/Trabajo/catastro/modelo6/origen/ficheros/multimedia\33008B00600497
2024-06-01 20:53:32,281 - WARNING - El archivo C:/Trabajo/catastro/modelo6/origen/ficheros/multimedia\33008B00600497\33008B00600497.csv no se encuentra en la carpeta C:/Trabajo/catastro/modelo6/origen/ficheros/multimedia\33008B00600497
2024-06-01 20:53:32,281 - INFO - Refcat value: 000817700UN59E
2024-06-01 20:53:32,281 - WARNING - Archivos faltantes para REFCAT 000817700UN59E
2024-06-01 20:53:32,281 - WARNING - El archivo C:/Trabajo/catastro/modelo6/origen/ficheros/multimedia\000817700UN59E\000817700UN59E.png no se encuentra en la carpeta C:/Trabajo/catastro/modelo6/origen/ficheros/multimedia\000817700UN59E
2024-06-01 20:53:32,281 - WARNING - El archivo C:/Trabajo/catastro/modelo6/origen/ficheros/multimedia\000817700UN59E\000817700UN59E.jpg no se encuentra en la carpeta C:/Trabajo/catastro/modelo6/origen/ficheros/multimedia\000817700UN59E
2024-06-01 20:53:32,281 - WARNING - El archivo C:/Trabajo/catastro/modelo6/origen/ficheros/multimedia\000817700UN59E\000817700UN59E.csv no se encuentra en la carpeta C:/Trabajo/catastro/modelo6/origen/ficheros/multimedia\000817700UN59E
2024-06-01 20:53:32,281 - INFO - Refcat value: 001501800UN59G
2024-06-01 20:53:32,281 - WARNING - Archivos faltantes para REFCAT 001501800UN59G
2024-06-01 20:53:32,281 - WARNING - El archivo C:/Trabajo/catastro/modelo6/origen/ficheros/multimedia\001501800UN59G\001501800UN59G.png no se encuentra en la carpeta C:/Trabajo/catastro/modelo6/origen/ficheros/multimedia\001501800UN59G
2024-06-01 20:53:32,281 - WARNING - El archivo C:/Trabajo/catastro/modelo6/origen/ficheros/multimedia\001501800UN59G\001501800UN59G.jpg no se encuentra en la carpeta C:/Trabajo/catastro/modelo6/origen/ficheros/multimedia\001501800UN59G
2024-06-01 20:53:32,281 - WARNING - El archivo C:/Trabajo/catastro/modelo6/origen/ficheros/multimedia\001501800UN59G\001501800UN59G.csv no se encuentra en la carpeta C:/Trabajo/catastro/modelo6/origen/ficheros/multimedia\001501800UN59G
2024-06-01 20:53:32,281 - INFO - Refcat value: 001509400UN49H
2024-06-01 20:53:32,297 - INFO - Plantilla copiada a: C:/Trabajo/catastro/modelo6/origen/ficheros/iniciales/salida\001509400UN49H_FichaResumen.xlsx
2024-06-01 20:53:32,972 - ERROR - No se encontraron registros con REFCAT = 0
2024-06-01 20:53:33,077 - ERROR - No se encontraron registros con REFCAT = 0
2024-06-01 20:53:33,182 - ERROR - No se encontraron registros con REFCAT = 1
2024-06-01 20:53:33,286 - ERROR - No se encontraron registros con REFCAT = 5
2024-06-01 20:53:33,392 - ERROR - No se encontraron registros con REFCAT = 0
2024-06-01 20:53:33,497 - ERROR - No se encontraron registros con REFCAT = 9
2024-06-01 20:53:33,602 - ERROR - No se encontraron registros con REFCAT = 4
2024-06-01 20:53:33,707 - ERROR - No se encontraron registros con REFCAT = 0
2024-06-01 20:53:33,813 - ERROR - No se encontraron registros con REFCAT = 0
2024-06-01 20:53:33,918 - ERROR - No se encontraron registros con REFCAT = U
2024-06-01 20:53:34,008 - ERROR - No se encontraron registros con REFCAT = N
2024-06-01 20:53:34,128 - ERROR - No se encontraron registros con REFCAT = 4
2024-06-01 20:53:34,234 - ERROR - No se encontraron registros con REFCAT = 9
2024-06-01 20:53:34,339 - ERROR - No se encontraron registros con REFCAT = H
2024-06-01 20:53:34,424 - INFO - Libro de trabajo guardado en: C:/Trabajo/catastro/modelo6/origen/ficheros/iniciales/salida\001509400UN49H_FichaResumen.xlsx
2024-06-01 20:53:34,425 - INFO - Refcat value: 001601500UN59G
2024-06-01 20:53:34,425 - WARNING - Archivos faltantes para REFCAT 001601500UN59G
2024-06-01 20:53:34,426 - WARNING - El archivo C:/Trabajo/catastro/modelo6/origen/ficheros/multimedia\001601500UN59G\001601500UN59G.png no se encuentra en la carpeta C:/Trabajo/catastro/modelo6/origen/ficheros/multimedia\001601500UN59G
2024-06-01 20:53:34,426 - WARNING - El archivo C:/Trabajo/catastro/modelo6/origen/ficheros/multimedia\001601500UN59G\001601500UN59G.jpg no se encuentra en la carpeta C:/Trabajo/catastro/modelo6/origen/ficheros/multimedia\001601500UN59G
2024-06-01 20:53:34,426 - WARNING - El archivo C:/Trabajo/catastro/modelo6/origen/ficheros/multimedia\001601500UN59G\001601500UN59G.csv no se encuentra en la carpeta C:/Trabajo/catastro/modelo6/origen/ficheros/multimedia\001601500UN59G
2024-06-01 20:53:34,426 - INFO - Refcat value: 33008B00400359
2024-06-01 20:53:34,426 - WARNING - Archivos faltantes para REFCAT 33008B00400359
2024-06-01 20:53:34,427 - WARNING - El archivo C:/Trabajo/catastro/modelo6/origen/ficheros/multimedia\33008B00400359\33008B00400359.png no se encuentra en la carpeta C:/Trabajo/catastro/modelo6/origen/ficheros/multimedia\33008B00400359
2024-06-01 20:53:34,427 - WARNING - El archivo C:/Trabajo/catastro/modelo6/origen/ficheros/multimedia\33008B00400359\33008B00400359.jpg no se encuentra en la carpeta C:/Trabajo/catastro/modelo6/origen/ficheros/multimedia\33008B00400359
2024-06-01 20:53:34,427 - WARNING - El archivo C:/Trabajo/catastro/modelo6/origen/ficheros/multimedia\33008B00400359\33008B00400359.csv no se encuentra en la carpeta C:/Trabajo/catastro/modelo6/origen/ficheros/multimedia\33008B00400359
2024-06-01 20:53:34,427 - INFO - Refcat value: 001327300UN59E
2024-06-01 20:53:34,427 - WARNING - Archivos faltantes para REFCAT 001327300UN59E
2024-06-01 20:53:34,427 - WARNING - El archivo C:/Trabajo/catastro/modelo6/origen/ficheros/multimedia\001327300UN59E\001327300UN59E.png no se encuentra en la carpeta C:/Trabajo/catastro/modelo6/origen/ficheros/multimedia\001327300UN59E
2024-06-01 20:53:34,427 - WARNING - El archivo C:/Trabajo/catastro/modelo6/origen/ficheros/multimedia\001327300UN59E\001327300UN59E.jpg no se encuentra en la carpeta C:/Trabajo/catastro/modelo6/origen/ficheros/multimedia\001327300UN59E
2024-06-01 20:53:34,428 - WARNING - El archivo C:/Trabajo/catastro/modelo6/origen/ficheros/multimedia\001327300UN59E\001327300UN59E.csv no se encuentra en la carpeta C:/Trabajo/catastro/modelo6/origen/ficheros/multimedia\001327300UN59E
2024-06-01 20:53:34,428 - INFO - Refcat value: 33008B00400427
2024-06-01 20:53:34,428 - WARNING - Archivos faltantes para REFCAT 33008B00400427
2024-06-01 20:53:34,428 - WARNING - El archivo C:/Trabajo/catastro/modelo6/origen/ficheros/multimedia\33008B00400427\33008B00400427.png no se encuentra en la carpeta C:/Trabajo/catastro/modelo6/origen/ficheros/multimedia\33008B00400427
2024-06-01 20:53:34,428 - WARNING - El archivo C:/Trabajo/catastro/modelo6/origen/ficheros/multimedia\33008B00400427\33008B00400427.jpg no se encuentra en la carpeta C:/Trabajo/catastro/modelo6/origen/ficheros/multimedia\33008B00400427
2024-06-01 20:53:34,428 - WARNING - El archivo C:/Trabajo/catastro/modelo6/origen/ficheros/multimedia\33008B00400427\33008B00400427.csv no se encuentra en la carpeta C:/Trabajo/catastro/modelo6/origen/ficheros/multimedia\33008B00400427
2024-06-01 20:53:34,428 - INFO - Refcat value: 33008A03700212
2024-06-01 20:53:34,429 - WARNING - Archivos faltantes para REFCAT 33008A03700212
2024-06-01 20:53:34,429 - WARNING - El archivo C:/Trabajo/catastro/modelo6/origen/ficheros/multimedia\33008A03700212\33008A03700212.png no se encuentra en la carpeta C:/Trabajo/catastro/modelo6/origen/ficheros/multimedia\33008A03700212
2024-06-01 20:53:34,429 - WARNING - El archivo C:/Trabajo/catastro/modelo6/origen/ficheros/multimedia\33008A03700212\33008A03700212.jpg no se encuentra en la carpeta C:/Trabajo/catastro/modelo6/origen/ficheros/multimedia\33008A03700212
2024-06-01 20:53:34,429 - WARNING - El archivo C:/Trabajo/catastro/modelo6/origen/ficheros/multimedia\33008A03700212\33008A03700212.csv no se encuentra en la carpeta C:/Trabajo/catastro/modelo6/origen/ficheros/multimedia\33008A03700212
2024-06-01 20:53:34,429 - INFO - Refcat value: 33008A00100045
2024-06-01 20:53:34,430 - WARNING - Archivos faltantes para REFCAT 33008A00100045
2024-06-01 20:53:34,430 - WARNING - El archivo C:/Trabajo/catastro/modelo6/origen/ficheros/multimedia\33008A00100045\33008A00100045.png no se encuentra en la carpeta C:/Trabajo/catastro/modelo6/origen/ficheros/multimedia\33008A00100045
2024-06-01 20:53:34,430 - WARNING - El archivo C:/Trabajo/catastro/modelo6/origen/ficheros/multimedia\33008A00100045\33008A00100045.jpg no se encuentra en la carpeta C:/Trabajo/catastro/modelo6/origen/ficheros/multimedia\33008A00100045
2024-06-01 20:53:34,430 - WARNING - El archivo C:/Trabajo/catastro/modelo6/origen/ficheros/multimedia\33008A00100045\33008A00100045.csv no se encuentra en la carpeta C:/Trabajo/catastro/modelo6/origen/ficheros/multimedia\33008A00100045
2024-06-01 20:53:34,430 - INFO - Refcat value: 001410500UN59E
2024-06-01 20:53:34,437 - INFO - Plantilla copiada a: C:/Trabajo/catastro/modelo6/origen/ficheros/iniciales/salida\001410500UN59E_FichaResumen.xlsx
2024-06-01 20:53:35,139 - ERROR - No se encontraron registros con REFCAT = 0
2024-06-01 20:53:35,243 - ERROR - No se encontraron registros con REFCAT = 0
2024-06-01 20:53:35,348 - ERROR - No se encontraron registros con REFCAT = 1
2024-06-01 20:53:35,453 - ERROR - No se encontraron registros con REFCAT = 4
2024-06-01 20:53:35,557 - ERROR - No se encontraron registros con REFCAT = 1
2024-06-01 20:53:35,662 - ERROR - No se encontraron registros con REFCAT = 0
2024-06-01 20:53:35,768 - ERROR - No se encontraron registros con REFCAT = 5
2024-06-01 20:53:35,873 - ERROR - No se encontraron registros con REFCAT = 0
2024-06-01 20:53:35,977 - ERROR - No se encontraron registros con REFCAT = 0
2024-06-01 20:53:36,079 - ERROR - No se encontraron registros con REFCAT = U
2024-06-01 20:53:36,186 - ERROR - No se encontraron registros con REFCAT = N
2024-06-01 20:53:36,290 - ERROR - No se encontraron registros con REFCAT = 5
2024-06-01 20:53:36,380 - ERROR - No se encontraron registros con REFCAT = 9
2024-06-01 20:53:36,498 - ERROR - No se encontraron registros con REFCAT = E
2024-06-01 20:53:36,614 - INFO - Libro de trabajo guardado en: C:/Trabajo/catastro/modelo6/origen/ficheros/iniciales/salida\001410500UN59E_FichaResumen.xlsx
2024-06-01 20:53:36,614 - INFO - Refcat value: 33008A03811070
2024-06-01 20:53:36,615 - WARNING - Archivos faltantes para REFCAT 33008A03811070
2024-06-01 20:53:36,615 - WARNING - El archivo C:/Trabajo/catastro/modelo6/origen/ficheros/multimedia\33008A03811070\33008A03811070.png no se encuentra en la carpeta C:/Trabajo/catastro/modelo6/origen/ficheros/multimedia\33008A03811070
2024-06-01 20:53:36,615 - WARNING - El archivo C:/Trabajo/catastro/modelo6/origen/ficheros/multimedia\33008A03811070\33008A03811070.jpg no se encuentra en la carpeta C:/Trabajo/catastro/modelo6/origen/ficheros/multimedia\33008A03811070
2024-06-01 20:53:36,615 - WARNING - El archivo C:/Trabajo/catastro/modelo6/origen/ficheros/multimedia\33008A03811070\33008A03811070.csv no se encuentra en la carpeta C:/Trabajo/catastro/modelo6/origen/ficheros/multimedia\33008A03811070
